mode: set
github.com/gavv/httpexpect/v2/assertiontype_string.go:51.40,52.53 1 1
github.com/gavv/httpexpect/v2/assertiontype_string.go:55.2,55.79 1 1
github.com/gavv/httpexpect/v2/assertiontype_string.go:52.53,54.3 1 1
github.com/gavv/httpexpect/v2/chain.go:48.60,58.16 3 1
github.com/gavv/httpexpect/v2/chain.go:64.2,64.31 1 1
github.com/gavv/httpexpect/v2/chain.go:70.2,70.10 1 1
github.com/gavv/httpexpect/v2/chain.go:58.16,60.3 1 1
github.com/gavv/httpexpect/v2/chain.go:60.8,62.3 1 1
github.com/gavv/httpexpect/v2/chain.go:64.31,66.3 1 1
github.com/gavv/httpexpect/v2/chain.go:66.8,68.3 1 1
github.com/gavv/httpexpect/v2/chain.go:74.66,85.16 2 1
github.com/gavv/httpexpect/v2/chain.go:91.2,93.10 2 1
github.com/gavv/httpexpect/v2/chain.go:85.16,87.3 1 1
github.com/gavv/httpexpect/v2/chain.go:87.8,89.3 1 1
github.com/gavv/httpexpect/v2/chain.go:99.39,101.2 1 1
github.com/gavv/httpexpect/v2/chain.go:106.48,108.2 1 1
github.com/gavv/httpexpect/v2/chain.go:112.57,114.2 1 1
github.com/gavv/httpexpect/v2/chain.go:118.45,120.2 1 1
github.com/gavv/httpexpect/v2/chain.go:124.42,126.2 1 1
github.com/gavv/httpexpect/v2/chain.go:130.45,132.2 1 1
github.com/gavv/httpexpect/v2/chain.go:136.32,143.2 4 1
github.com/gavv/httpexpect/v2/chain.go:146.57,148.2 1 1
github.com/gavv/httpexpect/v2/chain.go:151.59,152.30 1 1
github.com/gavv/httpexpect/v2/chain.go:156.2,156.68 1 1
github.com/gavv/httpexpect/v2/chain.go:152.30,153.30 1 1
github.com/gavv/httpexpect/v2/chain.go:160.25,161.30 1 1
github.com/gavv/httpexpect/v2/chain.go:165.2,165.16 1 1
github.com/gavv/httpexpect/v2/chain.go:169.2,169.57 1 1
github.com/gavv/httpexpect/v2/chain.go:161.30,162.32 1 1
github.com/gavv/httpexpect/v2/chain.go:165.16,167.3 1 1
github.com/gavv/httpexpect/v2/chain.go:178.48,179.15 1 1
github.com/gavv/httpexpect/v2/chain.go:182.2,185.33 3 1
github.com/gavv/httpexpect/v2/chain.go:189.2,191.21 2 1
github.com/gavv/httpexpect/v2/chain.go:195.2,195.30 1 1
github.com/gavv/httpexpect/v2/chain.go:179.15,181.3 1 1
github.com/gavv/httpexpect/v2/chain.go:185.33,187.3 1 1
github.com/gavv/httpexpect/v2/chain.go:191.21,193.3 1 1
github.com/gavv/httpexpect/v2/chain.go:195.30,196.53 1 1
github.com/gavv/httpexpect/v2/chain.go:196.53,197.14 1 0
github.com/gavv/httpexpect/v2/chain.go:203.29,205.2 1 1
github.com/gavv/httpexpect/v2/chain.go:209.31,211.2 1 1
github.com/gavv/httpexpect/v2/chain.go:215.31,217.2 1 1
github.com/gavv/httpexpect/v2/chain.go:222.45,223.15 1 1
github.com/gavv/httpexpect/v2/chain.go:223.15,225.3 1 1
github.com/gavv/httpexpect/v2/chain.go:231.42,232.16 1 1
github.com/gavv/httpexpect/v2/chain.go:232.16,234.3 1 1
github.com/gavv/httpexpect/v2/cookie_jar.go:16.30,20.16 2 1
github.com/gavv/httpexpect/v2/cookie_jar.go:23.2,23.12 1 1
github.com/gavv/httpexpect/v2/cookie_jar.go:20.16,21.13 1 0
github.com/gavv/httpexpect/v2/websocket_codes.go:11.42,14.13 2 1
github.com/gavv/httpexpect/v2/websocket_codes.go:27.2,27.38 1 1
github.com/gavv/httpexpect/v2/websocket_codes.go:15.29,16.13 1 1
github.com/gavv/httpexpect/v2/websocket_codes.go:17.31,18.15 1 1
github.com/gavv/httpexpect/v2/websocket_codes.go:19.30,20.14 1 1
github.com/gavv/httpexpect/v2/websocket_codes.go:21.29,22.13 1 1
github.com/gavv/httpexpect/v2/websocket_codes.go:23.29,24.13 1 1
github.com/gavv/httpexpect/v2/websocket_codes.go:30.48,32.26 2 1
github.com/gavv/httpexpect/v2/websocket_codes.go:35.2,35.12 1 1
github.com/gavv/httpexpect/v2/websocket_codes.go:32.26,34.3 1 1
github.com/gavv/httpexpect/v2/websocket_codes.go:41.41,44.14 2 1
github.com/gavv/httpexpect/v2/websocket_codes.go:79.2,79.39 1 1
github.com/gavv/httpexpect/v2/websocket_codes.go:45.12,46.22 1 1
github.com/gavv/httpexpect/v2/websocket_codes.go:47.12,48.18 1 1
github.com/gavv/httpexpect/v2/websocket_codes.go:49.12,50.22 1 1
github.com/gavv/httpexpect/v2/websocket_codes.go:51.12,52.24 1 1
github.com/gavv/httpexpect/v2/websocket_codes.go:53.12,54.17 1 1
github.com/gavv/httpexpect/v2/websocket_codes.go:55.12,56.25 1 1
github.com/gavv/httpexpect/v2/websocket_codes.go:57.12,58.24 1 1
github.com/gavv/httpexpect/v2/websocket_codes.go:59.12,60.32 1 1
github.com/gavv/httpexpect/v2/websocket_codes.go:61.12,62.24 1 1
github.com/gavv/httpexpect/v2/websocket_codes.go:63.12,64.22 1 1
github.com/gavv/httpexpect/v2/websocket_codes.go:65.12,66.27 1 1
github.com/gavv/httpexpect/v2/websocket_codes.go:67.12,68.28 1 1
github.com/gavv/httpexpect/v2/websocket_codes.go:69.12,70.23 1 1
github.com/gavv/httpexpect/v2/websocket_codes.go:71.12,72.22 1 1
github.com/gavv/httpexpect/v2/websocket_codes.go:73.12,74.19 1 1
github.com/gavv/httpexpect/v2/websocket_codes.go:75.12,76.21 1 1
github.com/gavv/httpexpect/v2/websocket_codes.go:82.46,84.26 2 1
github.com/gavv/httpexpect/v2/websocket_codes.go:87.2,87.12 1 1
github.com/gavv/httpexpect/v2/websocket_codes.go:84.26,86.3 1 1
github.com/gavv/httpexpect/v2/websocket_dialer.go:16.65,18.57 1 1
github.com/gavv/httpexpect/v2/websocket_dialer.go:18.57,22.4 3 1
github.com/gavv/httpexpect/v2/websocket_dialer.go:28.80,30.57 1 1
github.com/gavv/httpexpect/v2/websocket_dialer.go:30.57,34.4 3 1
github.com/gavv/httpexpect/v2/websocket_dialer.go:45.36,52.2 2 1
github.com/gavv/httpexpect/v2/websocket_dialer.go:54.38,58.2 3 1
github.com/gavv/httpexpect/v2/websocket_dialer.go:60.57,63.12 2 1
github.com/gavv/httpexpect/v2/websocket_dialer.go:63.12,68.7 3 1
github.com/gavv/httpexpect/v2/websocket_dialer.go:68.7,70.18 2 1
github.com/gavv/httpexpect/v2/websocket_dialer.go:73.4,73.36 1 1
github.com/gavv/httpexpect/v2/websocket_dialer.go:70.18,72.5 1 1
github.com/gavv/httpexpect/v2/websocket_dialer.go:78.72,81.12 2 1
github.com/gavv/httpexpect/v2/websocket_dialer.go:81.12,85.3 2 1
github.com/gavv/httpexpect/v2/websocket_dialer.go:100.72,103.2 2 1
github.com/gavv/httpexpect/v2/websocket_dialer.go:108.48,111.2 2 0
github.com/gavv/httpexpect/v2/assertion_validation.go:9.57,10.30 1 1
github.com/gavv/httpexpect/v2/assertion_validation.go:14.2,14.46 1 1
github.com/gavv/httpexpect/v2/assertion_validation.go:18.2,18.12 1 1
github.com/gavv/httpexpect/v2/assertion_validation.go:10.30,12.3 1 1
github.com/gavv/httpexpect/v2/assertion_validation.go:14.46,16.3 1 1
github.com/gavv/httpexpect/v2/assertion_validation.go:21.52,22.22 1 1
github.com/gavv/httpexpect/v2/assertion_validation.go:77.2,77.62 1 1
github.com/gavv/httpexpect/v2/assertion_validation.go:23.36,27.5 1 1
github.com/gavv/httpexpect/v2/assertion_validation.go:32.31,36.5 1 1
github.com/gavv/httpexpect/v2/assertion_validation.go:39.42,43.5 1 1
github.com/gavv/httpexpect/v2/assertion_validation.go:45.39,50.5 1 1
github.com/gavv/httpexpect/v2/assertion_validation.go:55.43,59.5 1 1
github.com/gavv/httpexpect/v2/assertion_validation.go:63.49,67.5 1 1
github.com/gavv/httpexpect/v2/assertion_validation.go:69.39,74.5 1 1
github.com/gavv/httpexpect/v2/assertion_validation.go:95.74,96.23 1 1
github.com/gavv/httpexpect/v2/assertion_validation.go:115.2,115.25 1 1
github.com/gavv/httpexpect/v2/assertion_validation.go:134.2,134.68 1 1
github.com/gavv/httpexpect/v2/assertion_validation.go:152.2,152.22 1 1
github.com/gavv/httpexpect/v2/assertion_validation.go:174.2,174.68 1 1
github.com/gavv/httpexpect/v2/assertion_validation.go:195.2,195.21 1 1
github.com/gavv/httpexpect/v2/assertion_validation.go:217.2,217.12 1 1
github.com/gavv/httpexpect/v2/assertion_validation.go:97.21,98.28 1 1
github.com/gavv/httpexpect/v2/assertion_validation.go:104.19,105.28 1 1
github.com/gavv/httpexpect/v2/assertion_validation.go:111.21,112.8 1 0
github.com/gavv/httpexpect/v2/assertion_validation.go:98.28,102.4 1 1
github.com/gavv/httpexpect/v2/assertion_validation.go:105.28,109.4 1 1
github.com/gavv/httpexpect/v2/assertion_validation.go:116.21,117.30 1 1
github.com/gavv/httpexpect/v2/assertion_validation.go:123.19,124.30 1 1
github.com/gavv/httpexpect/v2/assertion_validation.go:130.21,131.8 1 1
github.com/gavv/httpexpect/v2/assertion_validation.go:117.30,121.4 1 1
github.com/gavv/httpexpect/v2/assertion_validation.go:124.30,128.4 1 1
github.com/gavv/httpexpect/v2/assertion_validation.go:134.68,135.30 1 1
github.com/gavv/httpexpect/v2/assertion_validation.go:135.30,136.61 1 1
github.com/gavv/httpexpect/v2/assertion_validation.go:141.4,141.62 1 1
github.com/gavv/httpexpect/v2/assertion_validation.go:136.61,139.5 1 1
github.com/gavv/httpexpect/v2/assertion_validation.go:141.62,142.23 1 1
github.com/gavv/httpexpect/v2/assertion_validation.go:145.5,145.23 1 1
github.com/gavv/httpexpect/v2/assertion_validation.go:142.23,144.6 1 1
github.com/gavv/httpexpect/v2/assertion_validation.go:145.23,147.6 1 1
github.com/gavv/httpexpect/v2/assertion_validation.go:153.21,154.30 1 1
github.com/gavv/httpexpect/v2/assertion_validation.go:160.3,160.60 1 1
github.com/gavv/httpexpect/v2/assertion_validation.go:167.19,168.23 1 0
github.com/gavv/httpexpect/v2/assertion_validation.go:170.21,171.8 1 1
github.com/gavv/httpexpect/v2/assertion_validation.go:154.30,158.4 1 0
github.com/gavv/httpexpect/v2/assertion_validation.go:160.60,165.4 1 1
github.com/gavv/httpexpect/v2/assertion_validation.go:174.68,175.30 1 1
github.com/gavv/httpexpect/v2/assertion_validation.go:175.30,176.60 1 1
github.com/gavv/httpexpect/v2/assertion_validation.go:181.4,181.61 1 1
github.com/gavv/httpexpect/v2/assertion_validation.go:176.60,179.5 1 1
github.com/gavv/httpexpect/v2/assertion_validation.go:181.61,182.22 1 1
github.com/gavv/httpexpect/v2/assertion_validation.go:186.5,186.73 1 1
github.com/gavv/httpexpect/v2/assertion_validation.go:182.22,184.6 1 1
github.com/gavv/httpexpect/v2/assertion_validation.go:186.73,190.6 1 1
github.com/gavv/httpexpect/v2/assertion_validation.go:196.21,197.30 1 1
github.com/gavv/httpexpect/v2/assertion_validation.go:203.3,203.59 1 1
github.com/gavv/httpexpect/v2/assertion_validation.go:210.19,211.23 1 0
github.com/gavv/httpexpect/v2/assertion_validation.go:213.21,214.8 1 1
github.com/gavv/httpexpect/v2/assertion_validation.go:197.30,201.4 1 0
github.com/gavv/httpexpect/v2/assertion_validation.go:203.59,208.4 1 1
github.com/gavv/httpexpect/v2/string.go:28.57,30.2 1 1
github.com/gavv/httpexpect/v2/string.go:32.51,34.2 1 1
github.com/gavv/httpexpect/v2/string.go:43.31,45.2 1 1
github.com/gavv/httpexpect/v2/string.go:48.43,53.2 3 1
github.com/gavv/httpexpect/v2/string.go:56.53,62.2 4 1
github.com/gavv/httpexpect/v2/string.go:70.35,74.22 3 1
github.com/gavv/httpexpect/v2/string.go:78.2,78.50 1 1
github.com/gavv/httpexpect/v2/string.go:74.22,76.3 1 1
github.com/gavv/httpexpect/v2/string.go:87.34,91.22 3 1
github.com/gavv/httpexpect/v2/string.go:95.2,95.22 1 1
github.com/gavv/httpexpect/v2/string.go:105.2,105.10 1 1
github.com/gavv/httpexpect/v2/string.go:91.22,93.3 1 1
github.com/gavv/httpexpect/v2/string.go:95.22,103.3 1 1
github.com/gavv/httpexpect/v2/string.go:114.37,118.22 3 1
github.com/gavv/httpexpect/v2/string.go:122.2,122.22 1 1
github.com/gavv/httpexpect/v2/string.go:132.2,132.10 1 1
github.com/gavv/httpexpect/v2/string.go:118.22,120.3 1 1
github.com/gavv/httpexpect/v2/string.go:122.22,130.3 1 1
github.com/gavv/httpexpect/v2/string.go:141.46,145.22 3 1
github.com/gavv/httpexpect/v2/string.go:149.2,149.25 1 1
github.com/gavv/httpexpect/v2/string.go:160.2,160.10 1 1
github.com/gavv/httpexpect/v2/string.go:145.22,147.3 1 1
github.com/gavv/httpexpect/v2/string.go:149.25,158.3 1 1
github.com/gavv/httpexpect/v2/string.go:169.49,173.22 3 1
github.com/gavv/httpexpect/v2/string.go:177.2,177.25 1 1
github.com/gavv/httpexpect/v2/string.go:188.2,188.10 1 1
github.com/gavv/httpexpect/v2/string.go:173.22,175.3 1 1
github.com/gavv/httpexpect/v2/string.go:177.25,186.3 1 1
github.com/gavv/httpexpect/v2/string.go:198.50,202.22 3 1
github.com/gavv/httpexpect/v2/string.go:206.2,206.40 1 1
github.com/gavv/httpexpect/v2/string.go:217.2,217.10 1 1
github.com/gavv/httpexpect/v2/string.go:202.22,204.3 1 1
github.com/gavv/httpexpect/v2/string.go:206.40,215.3 1 1
github.com/gavv/httpexpect/v2/string.go:227.53,231.22 3 1
github.com/gavv/httpexpect/v2/string.go:235.2,235.39 1 1
github.com/gavv/httpexpect/v2/string.go:246.2,246.10 1 1
github.com/gavv/httpexpect/v2/string.go:231.22,233.3 1 1
github.com/gavv/httpexpect/v2/string.go:235.39,244.3 1 1
github.com/gavv/httpexpect/v2/string.go:255.49,259.22 3 1
github.com/gavv/httpexpect/v2/string.go:263.2,263.39 1 1
github.com/gavv/httpexpect/v2/string.go:274.2,274.10 1 1
github.com/gavv/httpexpect/v2/string.go:259.22,261.3 1 1
github.com/gavv/httpexpect/v2/string.go:263.39,272.3 1 1
github.com/gavv/httpexpect/v2/string.go:283.52,287.22 3 1
github.com/gavv/httpexpect/v2/string.go:291.2,291.38 1 1
github.com/gavv/httpexpect/v2/string.go:302.2,302.10 1 1
github.com/gavv/httpexpect/v2/string.go:287.22,289.3 1 1
github.com/gavv/httpexpect/v2/string.go:291.38,300.3 1 1
github.com/gavv/httpexpect/v2/string.go:312.53,316.22 3 1
github.com/gavv/httpexpect/v2/string.go:320.2,320.73 1 1
github.com/gavv/httpexpect/v2/string.go:331.2,331.10 1 1
github.com/gavv/httpexpect/v2/string.go:316.22,318.3 1 1
github.com/gavv/httpexpect/v2/string.go:320.73,329.3 1 1
github.com/gavv/httpexpect/v2/string.go:341.56,345.22 3 1
github.com/gavv/httpexpect/v2/string.go:349.2,349.72 1 1
github.com/gavv/httpexpect/v2/string.go:360.2,360.10 1 1
github.com/gavv/httpexpect/v2/string.go:345.22,347.3 1 1
github.com/gavv/httpexpect/v2/string.go:349.72,358.3 1 1
github.com/gavv/httpexpect/v2/string.go:369.50,373.22 3 1
github.com/gavv/httpexpect/v2/string.go:377.2,377.40 1 1
github.com/gavv/httpexpect/v2/string.go:388.2,388.10 1 1
github.com/gavv/httpexpect/v2/string.go:373.22,375.3 1 1
github.com/gavv/httpexpect/v2/string.go:377.40,386.3 1 1
github.com/gavv/httpexpect/v2/string.go:397.53,401.22 3 1
github.com/gavv/httpexpect/v2/string.go:405.2,405.39 1 1
github.com/gavv/httpexpect/v2/string.go:416.2,416.10 1 1
github.com/gavv/httpexpect/v2/string.go:401.22,403.3 1 1
github.com/gavv/httpexpect/v2/string.go:405.39,414.3 1 1
github.com/gavv/httpexpect/v2/string.go:425.50,429.22 3 1
github.com/gavv/httpexpect/v2/string.go:433.2,433.40 1 1
github.com/gavv/httpexpect/v2/string.go:444.2,444.10 1 1
github.com/gavv/httpexpect/v2/string.go:429.22,431.3 1 1
github.com/gavv/httpexpect/v2/string.go:433.40,442.3 1 1
github.com/gavv/httpexpect/v2/string.go:453.53,457.22 3 1
github.com/gavv/httpexpect/v2/string.go:461.2,461.39 1 1
github.com/gavv/httpexpect/v2/string.go:472.2,472.10 1 1
github.com/gavv/httpexpect/v2/string.go:457.22,459.3 1 1
github.com/gavv/httpexpect/v2/string.go:461.39,470.3 1 1
github.com/gavv/httpexpect/v2/string.go:482.54,486.22 3 1
github.com/gavv/httpexpect/v2/string.go:490.2,490.74 1 1
github.com/gavv/httpexpect/v2/string.go:501.2,501.10 1 1
github.com/gavv/httpexpect/v2/string.go:486.22,488.3 1 1
github.com/gavv/httpexpect/v2/string.go:490.74,499.3 1 1
github.com/gavv/httpexpect/v2/string.go:511.57,515.22 3 1
github.com/gavv/httpexpect/v2/string.go:519.2,519.73 1 1
github.com/gavv/httpexpect/v2/string.go:530.2,530.10 1 1
github.com/gavv/httpexpect/v2/string.go:515.22,517.3 1 1
github.com/gavv/httpexpect/v2/string.go:519.73,528.3 1 1
github.com/gavv/httpexpect/v2/string.go:540.54,544.22 3 1
github.com/gavv/httpexpect/v2/string.go:548.2,548.74 1 1
github.com/gavv/httpexpect/v2/string.go:559.2,559.10 1 1
github.com/gavv/httpexpect/v2/string.go:544.22,546.3 1 1
github.com/gavv/httpexpect/v2/string.go:548.74,557.3 1 1
github.com/gavv/httpexpect/v2/string.go:569.57,573.22 3 1
github.com/gavv/httpexpect/v2/string.go:577.2,577.73 1 1
github.com/gavv/httpexpect/v2/string.go:588.2,588.10 1 1
github.com/gavv/httpexpect/v2/string.go:573.22,575.3 1 1
github.com/gavv/httpexpect/v2/string.go:577.73,586.3 1 1
github.com/gavv/httpexpect/v2/string.go:612.42,616.22 3 1
github.com/gavv/httpexpect/v2/string.go:620.2,621.16 2 1
github.com/gavv/httpexpect/v2/string.go:633.2,634.18 2 1
github.com/gavv/httpexpect/v2/string.go:646.2,646.51 1 1
github.com/gavv/httpexpect/v2/string.go:616.22,618.3 1 1
github.com/gavv/httpexpect/v2/string.go:621.16,631.3 2 1
github.com/gavv/httpexpect/v2/string.go:634.18,644.3 2 1
github.com/gavv/httpexpect/v2/string.go:658.46,663.16 4 1
github.com/gavv/httpexpect/v2/string.go:675.2,675.29 1 1
github.com/gavv/httpexpect/v2/string.go:687.2,687.10 1 1
github.com/gavv/httpexpect/v2/string.go:663.16,673.3 2 1
github.com/gavv/httpexpect/v2/string.go:675.29,685.3 2 1
github.com/gavv/httpexpect/v2/string.go:706.46,710.22 3 1
github.com/gavv/httpexpect/v2/string.go:714.2,715.16 2 1
github.com/gavv/httpexpect/v2/string.go:727.2,728.20 2 1
github.com/gavv/httpexpect/v2/string.go:740.2,741.32 2 1
github.com/gavv/httpexpect/v2/string.go:748.2,748.12 1 1
github.com/gavv/httpexpect/v2/string.go:710.22,712.3 1 1
github.com/gavv/httpexpect/v2/string.go:715.16,725.3 2 1
github.com/gavv/httpexpect/v2/string.go:728.20,738.3 2 1
github.com/gavv/httpexpect/v2/string.go:741.32,746.3 1 1
github.com/gavv/httpexpect/v2/string.go:757.36,761.22 3 1
github.com/gavv/httpexpect/v2/string.go:765.2,766.28 2 1
github.com/gavv/httpexpect/v2/string.go:773.2,773.14 1 1
github.com/gavv/httpexpect/v2/string.go:783.2,783.10 1 1
github.com/gavv/httpexpect/v2/string.go:761.22,763.3 1 1
github.com/gavv/httpexpect/v2/string.go:766.28,767.27 1 1
github.com/gavv/httpexpect/v2/string.go:767.27,769.9 2 1
github.com/gavv/httpexpect/v2/string.go:773.14,781.3 1 1
github.com/gavv/httpexpect/v2/string.go:792.39,796.22 3 1
github.com/gavv/httpexpect/v2/string.go:800.2,801.28 2 1
github.com/gavv/httpexpect/v2/string.go:808.2,808.13 1 1
github.com/gavv/httpexpect/v2/string.go:818.2,818.10 1 1
github.com/gavv/httpexpect/v2/string.go:796.22,798.3 1 1
github.com/gavv/httpexpect/v2/string.go:801.28,802.27 1 1
github.com/gavv/httpexpect/v2/string.go:802.27,804.9 2 1
github.com/gavv/httpexpect/v2/string.go:808.13,816.3 1 1
github.com/gavv/httpexpect/v2/string.go:836.48,840.22 3 1
github.com/gavv/httpexpect/v2/string.go:844.2,844.19 1 1
github.com/gavv/httpexpect/v2/string.go:854.2,855.20 2 1
github.com/gavv/httpexpect/v2/string.go:859.2,867.39 7 1
github.com/gavv/httpexpect/v2/string.go:879.2,879.52 1 1
github.com/gavv/httpexpect/v2/string.go:896.2,896.27 1 1
github.com/gavv/httpexpect/v2/string.go:900.2,900.16 1 1
github.com/gavv/httpexpect/v2/string.go:925.2,925.33 1 1
github.com/gavv/httpexpect/v2/string.go:840.22,842.3 1 1
github.com/gavv/httpexpect/v2/string.go:844.19,852.3 2 1
github.com/gavv/httpexpect/v2/string.go:855.20,857.3 1 1
github.com/gavv/httpexpect/v2/string.go:867.39,877.3 2 1
github.com/gavv/httpexpect/v2/string.go:879.52,883.41 3 1
github.com/gavv/httpexpect/v2/string.go:883.41,893.4 2 1
github.com/gavv/httpexpect/v2/string.go:896.27,898.3 1 1
github.com/gavv/httpexpect/v2/string.go:900.16,901.14 1 1
github.com/gavv/httpexpect/v2/string.go:922.3,922.31 1 1
github.com/gavv/httpexpect/v2/string.go:901.14,910.4 1 1
github.com/gavv/httpexpect/v2/string.go:910.9,921.4 1 1
github.com/gavv/httpexpect/v2/string.go:937.39,941.22 3 1
github.com/gavv/httpexpect/v2/string.go:945.2,945.17 1 1
github.com/gavv/httpexpect/v2/string.go:953.2,961.35 2 1
github.com/gavv/httpexpect/v2/string.go:941.22,943.3 1 1
github.com/gavv/httpexpect/v2/string.go:946.22,947.35 1 1
github.com/gavv/httpexpect/v2/string.go:949.24,950.36 1 1
github.com/gavv/httpexpect/v2/string.go:980.57,984.22 3 1
github.com/gavv/httpexpect/v2/string.go:988.2,990.22 2 1
github.com/gavv/httpexpect/v2/string.go:1013.2,1017.31 2 1
github.com/gavv/httpexpect/v2/string.go:1024.2,1024.16 1 1
github.com/gavv/httpexpect/v2/string.go:1053.2,1053.33 1 1
github.com/gavv/httpexpect/v2/string.go:984.22,986.3 1 1
github.com/gavv/httpexpect/v2/string.go:990.22,991.28 1 1
github.com/gavv/httpexpect/v2/string.go:991.28,993.4 1 1
github.com/gavv/httpexpect/v2/string.go:994.8,1011.3 1 1
github.com/gavv/httpexpect/v2/string.go:1017.31,1019.17 2 1
github.com/gavv/httpexpect/v2/string.go:1019.17,1020.9 1 1
github.com/gavv/httpexpect/v2/string.go:1024.16,1025.27 1 1
github.com/gavv/httpexpect/v2/string.go:1050.3,1050.47 1 1
github.com/gavv/httpexpect/v2/string.go:1025.27,1035.4 1 1
github.com/gavv/httpexpect/v2/string.go:1035.9,1037.33 2 1
github.com/gavv/httpexpect/v2/string.go:1040.4,1048.6 1 1
github.com/gavv/httpexpect/v2/string.go:1037.33,1039.5 1 1
github.com/gavv/httpexpect/v2/string.go:1061.41,1062.18 1 1
github.com/gavv/httpexpect/v2/string.go:1062.18,1064.3 1 1
github.com/gavv/httpexpect/v2/string.go:1064.8,1066.3 1 1
github.com/gavv/httpexpect/v2/string.go:1070.35,1072.2 1 0
github.com/gavv/httpexpect/v2/string.go:1075.55,1077.2 1 0
github.com/gavv/httpexpect/v2/array.go:24.62,26.2 1 1
github.com/gavv/httpexpect/v2/array.go:28.56,31.16 2 1
github.com/gavv/httpexpect/v2/array.go:43.2,43.10 1 1
github.com/gavv/httpexpect/v2/array.go:31.16,39.3 1 1
github.com/gavv/httpexpect/v2/array.go:39.8,41.3 1 1
github.com/gavv/httpexpect/v2/array.go:53.37,55.2 1 1
github.com/gavv/httpexpect/v2/array.go:58.42,63.2 3 1
github.com/gavv/httpexpect/v2/array.go:66.51,72.2 4 1
github.com/gavv/httpexpect/v2/array.go:80.34,84.22 3 1
github.com/gavv/httpexpect/v2/array.go:88.2,88.50 1 1
github.com/gavv/httpexpect/v2/array.go:84.22,86.3 1 1
github.com/gavv/httpexpect/v2/array.go:101.43,105.22 3 1
github.com/gavv/httpexpect/v2/array.go:109.2,109.40 1 1
github.com/gavv/httpexpect/v2/array.go:124.2,124.42 1 1
github.com/gavv/httpexpect/v2/array.go:105.22,107.3 1 1
github.com/gavv/httpexpect/v2/array.go:109.40,122.3 2 1
github.com/gavv/httpexpect/v2/array.go:136.32,140.22 3 1
github.com/gavv/httpexpect/v2/array.go:144.2,144.23 1 1
github.com/gavv/httpexpect/v2/array.go:155.2,155.38 1 1
github.com/gavv/httpexpect/v2/array.go:140.22,142.3 1 1
github.com/gavv/httpexpect/v2/array.go:144.23,153.3 2 1
github.com/gavv/httpexpect/v2/array.go:167.31,171.22 3 1
github.com/gavv/httpexpect/v2/array.go:175.2,175.23 1 1
github.com/gavv/httpexpect/v2/array.go:186.2,186.51 1 1
github.com/gavv/httpexpect/v2/array.go:171.22,173.3 1 1
github.com/gavv/httpexpect/v2/array.go:175.23,184.3 2 1
github.com/gavv/httpexpect/v2/array.go:199.32,203.22 3 1
github.com/gavv/httpexpect/v2/array.go:207.2,208.25 2 1
github.com/gavv/httpexpect/v2/array.go:215.2,215.12 1 1
github.com/gavv/httpexpect/v2/array.go:203.22,205.3 1 1
github.com/gavv/httpexpect/v2/array.go:208.25,213.3 3 1
github.com/gavv/httpexpect/v2/array.go:232.64,236.22 3 1
github.com/gavv/httpexpect/v2/array.go:240.2,240.15 1 1
github.com/gavv/httpexpect/v2/array.go:250.2,252.34 2 1
github.com/gavv/httpexpect/v2/array.go:263.2,263.18 1 1
github.com/gavv/httpexpect/v2/array.go:267.2,267.10 1 1
github.com/gavv/httpexpect/v2/array.go:236.22,238.3 1 1
github.com/gavv/httpexpect/v2/array.go:240.15,248.3 2 0
github.com/gavv/httpexpect/v2/array.go:252.34,256.37 3 1
github.com/gavv/httpexpect/v2/array.go:260.3,260.39 1 1
github.com/gavv/httpexpect/v2/array.go:256.37,258.4 1 1
github.com/gavv/httpexpect/v2/array.go:263.18,265.3 1 1
github.com/gavv/httpexpect/v2/array.go:288.70,292.22 3 1
github.com/gavv/httpexpect/v2/array.go:296.2,296.15 1 1
github.com/gavv/httpexpect/v2/array.go:306.2,308.38 2 1
github.com/gavv/httpexpect/v2/array.go:321.2,321.41 1 1
github.com/gavv/httpexpect/v2/array.go:292.22,294.3 1 1
github.com/gavv/httpexpect/v2/array.go:296.15,304.3 2 0
github.com/gavv/httpexpect/v2/array.go:308.38,312.37 4 1
github.com/gavv/httpexpect/v2/array.go:315.3,316.63 2 1
github.com/gavv/httpexpect/v2/array.go:312.37,314.4 1 1
github.com/gavv/httpexpect/v2/array.go:316.63,318.4 1 1
github.com/gavv/httpexpect/v2/array.go:335.85,339.22 3 1
github.com/gavv/httpexpect/v2/array.go:343.2,343.15 1 1
github.com/gavv/httpexpect/v2/array.go:353.2,355.34 2 1
github.com/gavv/httpexpect/v2/array.go:360.2,360.33 1 1
github.com/gavv/httpexpect/v2/array.go:339.22,341.3 1 1
github.com/gavv/httpexpect/v2/array.go:343.15,351.3 2 1
github.com/gavv/httpexpect/v2/array.go:355.34,358.3 2 1
github.com/gavv/httpexpect/v2/array.go:369.32,373.22 3 1
github.com/gavv/httpexpect/v2/array.go:377.2,377.26 1 1
github.com/gavv/httpexpect/v2/array.go:387.2,387.10 1 1
github.com/gavv/httpexpect/v2/array.go:373.22,375.3 1 1
github.com/gavv/httpexpect/v2/array.go:377.26,385.3 1 1
github.com/gavv/httpexpect/v2/array.go:396.35,400.22 3 1
github.com/gavv/httpexpect/v2/array.go:404.2,404.26 1 1
github.com/gavv/httpexpect/v2/array.go:414.2,414.10 1 1
github.com/gavv/httpexpect/v2/array.go:400.22,402.3 1 1
github.com/gavv/httpexpect/v2/array.go:404.26,412.3 1 1
github.com/gavv/httpexpect/v2/array.go:432.49,436.22 3 1
github.com/gavv/httpexpect/v2/array.go:440.2,441.9 2 1
github.com/gavv/httpexpect/v2/array.go:445.2,445.43 1 1
github.com/gavv/httpexpect/v2/array.go:456.2,456.10 1 1
github.com/gavv/httpexpect/v2/array.go:436.22,438.3 1 1
github.com/gavv/httpexpect/v2/array.go:441.9,443.3 1 1
github.com/gavv/httpexpect/v2/array.go:445.43,454.3 1 1
github.com/gavv/httpexpect/v2/array.go:468.52,472.22 3 1
github.com/gavv/httpexpect/v2/array.go:476.2,477.9 2 1
github.com/gavv/httpexpect/v2/array.go:481.2,481.42 1 1
github.com/gavv/httpexpect/v2/array.go:492.2,492.10 1 1
github.com/gavv/httpexpect/v2/array.go:472.22,474.3 1 1
github.com/gavv/httpexpect/v2/array.go:477.9,479.3 1 1
github.com/gavv/httpexpect/v2/array.go:481.42,490.3 1 1
github.com/gavv/httpexpect/v2/array.go:502.58,506.22 3 1
github.com/gavv/httpexpect/v2/array.go:510.2,511.9 2 1
github.com/gavv/httpexpect/v2/array.go:515.2,515.35 1 1
github.com/gavv/httpexpect/v2/array.go:549.2,549.34 1 1
github.com/gavv/httpexpect/v2/array.go:584.2,584.10 1 1
github.com/gavv/httpexpect/v2/array.go:506.22,508.3 1 1
github.com/gavv/httpexpect/v2/array.go:511.9,513.3 1 0
github.com/gavv/httpexpect/v2/array.go:515.35,519.35 3 1
github.com/gavv/httpexpect/v2/array.go:519.35,520.46 1 1
github.com/gavv/httpexpect/v2/array.go:545.4,545.12 1 1
github.com/gavv/httpexpect/v2/array.go:520.46,530.5 1 0
github.com/gavv/httpexpect/v2/array.go:530.10,544.5 1 1
github.com/gavv/httpexpect/v2/array.go:549.34,553.35 3 1
github.com/gavv/httpexpect/v2/array.go:553.35,554.46 1 1
github.com/gavv/httpexpect/v2/array.go:580.4,580.12 1 1
github.com/gavv/httpexpect/v2/array.go:554.46,565.5 1 1
github.com/gavv/httpexpect/v2/array.go:565.10,579.5 1 0
github.com/gavv/httpexpect/v2/array.go:594.61,598.22 3 1
github.com/gavv/httpexpect/v2/array.go:602.2,603.9 2 1
github.com/gavv/httpexpect/v2/array.go:607.2,609.35 2 1
github.com/gavv/httpexpect/v2/array.go:619.2,619.34 1 1
github.com/gavv/httpexpect/v2/array.go:629.2,629.16 1 1
github.com/gavv/httpexpect/v2/array.go:641.2,641.10 1 1
github.com/gavv/httpexpect/v2/array.go:598.22,600.3 1 1
github.com/gavv/httpexpect/v2/array.go:603.9,605.3 1 0
github.com/gavv/httpexpect/v2/array.go:609.35,613.35 3 1
github.com/gavv/httpexpect/v2/array.go:613.35,615.9 2 1
github.com/gavv/httpexpect/v2/array.go:619.34,623.35 3 1
github.com/gavv/httpexpect/v2/array.go:623.35,625.9 2 1
github.com/gavv/httpexpect/v2/array.go:629.16,639.3 1 1
github.com/gavv/httpexpect/v2/array.go:656.56,660.22 3 1
github.com/gavv/httpexpect/v2/array.go:664.2,665.9 2 1
github.com/gavv/httpexpect/v2/array.go:669.2,669.43 1 1
github.com/gavv/httpexpect/v2/array.go:680.2,680.10 1 1
github.com/gavv/httpexpect/v2/array.go:660.22,662.3 1 1
github.com/gavv/httpexpect/v2/array.go:665.9,667.3 1 1
github.com/gavv/httpexpect/v2/array.go:669.43,678.3 1 1
github.com/gavv/httpexpect/v2/array.go:696.59,700.22 3 1
github.com/gavv/httpexpect/v2/array.go:704.2,705.9 2 1
github.com/gavv/httpexpect/v2/array.go:709.2,709.42 1 1
github.com/gavv/httpexpect/v2/array.go:720.2,720.10 1 1
github.com/gavv/httpexpect/v2/array.go:700.22,702.3 1 1
github.com/gavv/httpexpect/v2/array.go:705.9,707.3 1 0
github.com/gavv/httpexpect/v2/array.go:709.42,718.3 1 1
github.com/gavv/httpexpect/v2/array.go:730.56,734.22 3 1
github.com/gavv/httpexpect/v2/array.go:738.2,739.9 2 1
github.com/gavv/httpexpect/v2/array.go:743.2,743.36 1 1
github.com/gavv/httpexpect/v2/array.go:758.2,758.10 1 1
github.com/gavv/httpexpect/v2/array.go:734.22,736.3 1 1
github.com/gavv/httpexpect/v2/array.go:739.9,741.3 1 1
github.com/gavv/httpexpect/v2/array.go:743.36,744.46 1 1
github.com/gavv/httpexpect/v2/array.go:744.46,754.9 2 1
github.com/gavv/httpexpect/v2/array.go:769.59,773.22 3 1
github.com/gavv/httpexpect/v2/array.go:777.2,778.9 2 1
github.com/gavv/httpexpect/v2/array.go:782.2,782.36 1 1
github.com/gavv/httpexpect/v2/array.go:798.2,798.10 1 1
github.com/gavv/httpexpect/v2/array.go:773.22,775.3 1 1
github.com/gavv/httpexpect/v2/array.go:778.9,780.3 1 1
github.com/gavv/httpexpect/v2/array.go:782.36,783.46 1 1
github.com/gavv/httpexpect/v2/array.go:783.46,794.9 2 1
github.com/gavv/httpexpect/v2/array.go:814.60,818.22 3 1
github.com/gavv/httpexpect/v2/array.go:822.2,823.9 2 1
github.com/gavv/httpexpect/v2/array.go:827.2,827.35 1 1
github.com/gavv/httpexpect/v2/array.go:842.2,842.34 1 1
github.com/gavv/httpexpect/v2/array.go:858.2,858.10 1 1
github.com/gavv/httpexpect/v2/array.go:818.22,820.3 1 1
github.com/gavv/httpexpect/v2/array.go:823.9,825.3 1 1
github.com/gavv/httpexpect/v2/array.go:827.35,828.42 1 1
github.com/gavv/httpexpect/v2/array.go:828.42,839.4 2 1
github.com/gavv/httpexpect/v2/array.go:842.34,843.43 1 1
github.com/gavv/httpexpect/v2/array.go:843.43,855.4 2 1
github.com/gavv/httpexpect/v2/array.go:873.63,877.22 3 1
github.com/gavv/httpexpect/v2/array.go:881.2,882.9 2 1
github.com/gavv/httpexpect/v2/array.go:886.2,888.35 2 1
github.com/gavv/httpexpect/v2/array.go:895.2,895.34 1 1
github.com/gavv/httpexpect/v2/array.go:902.2,902.16 1 1
github.com/gavv/httpexpect/v2/array.go:916.2,916.10 1 1
github.com/gavv/httpexpect/v2/array.go:877.22,879.3 1 1
github.com/gavv/httpexpect/v2/array.go:882.9,884.3 1 0
github.com/gavv/httpexpect/v2/array.go:888.35,889.42 1 1
github.com/gavv/httpexpect/v2/array.go:889.42,891.9 2 0
github.com/gavv/httpexpect/v2/array.go:895.34,896.43 1 1
github.com/gavv/httpexpect/v2/array.go:896.43,898.9 2 1
github.com/gavv/httpexpect/v2/array.go:902.16,914.3 1 1
github.com/gavv/httpexpect/v2/array.go:928.59,932.22 3 1
github.com/gavv/httpexpect/v2/array.go:936.2,937.9 2 1
github.com/gavv/httpexpect/v2/array.go:941.2,943.36 2 1
github.com/gavv/httpexpect/v2/array.go:950.2,950.15 1 1
github.com/gavv/httpexpect/v2/array.go:962.2,962.10 1 1
github.com/gavv/httpexpect/v2/array.go:932.22,934.3 1 1
github.com/gavv/httpexpect/v2/array.go:937.9,939.3 1 1
github.com/gavv/httpexpect/v2/array.go:943.36,944.42 1 1
github.com/gavv/httpexpect/v2/array.go:944.42,946.9 2 1
github.com/gavv/httpexpect/v2/array.go:950.15,960.3 1 1
github.com/gavv/httpexpect/v2/array.go:972.62,976.22 3 1
github.com/gavv/httpexpect/v2/array.go:980.2,981.9 2 1
github.com/gavv/httpexpect/v2/array.go:985.2,985.36 1 1
github.com/gavv/httpexpect/v2/array.go:1001.2,1001.10 1 1
github.com/gavv/httpexpect/v2/array.go:976.22,978.3 1 1
github.com/gavv/httpexpect/v2/array.go:981.9,983.3 1 1
github.com/gavv/httpexpect/v2/array.go:985.36,986.42 1 1
github.com/gavv/httpexpect/v2/array.go:986.42,998.4 2 1
github.com/gavv/httpexpect/v2/array.go:1004.65,1006.26 2 1
github.com/gavv/httpexpect/v2/array.go:1011.2,1011.14 1 1
github.com/gavv/httpexpect/v2/array.go:1006.26,1007.36 1 1
github.com/gavv/httpexpect/v2/array.go:1007.36,1009.4 1 1
github.com/gavv/httpexpect/v2/request.go:88.87,98.2 2 1
github.com/gavv/httpexpect/v2/request.go:102.12,103.34 1 1
github.com/gavv/httpexpect/v2/request.go:107.2,107.26 1 1
github.com/gavv/httpexpect/v2/request.go:111.2,111.36 1 1
github.com/gavv/httpexpect/v2/request.go:115.2,126.51 1 1
github.com/gavv/httpexpect/v2/request.go:131.2,136.10 4 1
github.com/gavv/httpexpect/v2/request.go:103.34,104.40 1 1
github.com/gavv/httpexpect/v2/request.go:107.26,108.32 1 1
github.com/gavv/httpexpect/v2/request.go:111.36,112.42 1 1
github.com/gavv/httpexpect/v2/request.go:126.51,128.4 1 1
github.com/gavv/httpexpect/v2/request.go:139.66,142.73 2 1
github.com/gavv/httpexpect/v2/request.go:164.2,164.16 1 1
github.com/gavv/httpexpect/v2/request.go:175.2,175.15 1 1
github.com/gavv/httpexpect/v2/request.go:142.73,143.24 1 1
github.com/gavv/httpexpect/v2/request.go:160.3,161.13 2 1
github.com/gavv/httpexpect/v2/request.go:143.24,144.26 1 1
github.com/gavv/httpexpect/v2/request.go:144.26,152.5 1 1
github.com/gavv/httpexpect/v2/request.go:152.10,154.5 1 1
github.com/gavv/httpexpect/v2/request.go:155.9,159.4 3 1
github.com/gavv/httpexpect/v2/request.go:164.16,173.3 1 1
github.com/gavv/httpexpect/v2/request.go:178.42,181.16 2 1
github.com/gavv/httpexpect/v2/request.go:191.2,191.21 1 1
github.com/gavv/httpexpect/v2/request.go:181.16,189.3 1 1
github.com/gavv/httpexpect/v2/request.go:201.50,208.2 4 1
github.com/gavv/httpexpect/v2/request.go:220.65,224.22 3 1
github.com/gavv/httpexpect/v2/request.go:228.2,228.20 1 1
github.com/gavv/httpexpect/v2/request.go:238.2,239.10 2 1
github.com/gavv/httpexpect/v2/request.go:224.22,226.3 1 1
github.com/gavv/httpexpect/v2/request.go:228.20,236.3 2 1
github.com/gavv/httpexpect/v2/request.go:250.75,254.22 3 1
github.com/gavv/httpexpect/v2/request.go:258.2,258.22 1 1
github.com/gavv/httpexpect/v2/request.go:268.2,270.10 2 1
github.com/gavv/httpexpect/v2/request.go:254.22,256.3 1 1
github.com/gavv/httpexpect/v2/request.go:258.22,266.3 2 1
github.com/gavv/httpexpect/v2/request.go:286.54,290.22 3 1
github.com/gavv/httpexpect/v2/request.go:294.2,294.19 1 1
github.com/gavv/httpexpect/v2/request.go:304.2,306.10 2 1
github.com/gavv/httpexpect/v2/request.go:290.22,292.3 1 1
github.com/gavv/httpexpect/v2/request.go:294.19,302.3 2 1
github.com/gavv/httpexpect/v2/request.go:319.62,323.22 3 1
github.com/gavv/httpexpect/v2/request.go:327.2,327.20 1 1
github.com/gavv/httpexpect/v2/request.go:337.2,337.54 1 1
github.com/gavv/httpexpect/v2/request.go:348.2,348.10 1 1
github.com/gavv/httpexpect/v2/request.go:323.22,325.3 1 1
github.com/gavv/httpexpect/v2/request.go:327.20,335.3 2 1
github.com/gavv/httpexpect/v2/request.go:337.54,341.3 3 1
github.com/gavv/httpexpect/v2/request.go:341.8,346.3 1 1
github.com/gavv/httpexpect/v2/request.go:364.61,368.22 3 1
github.com/gavv/httpexpect/v2/request.go:372.2,372.16 1 1
github.com/gavv/httpexpect/v2/request.go:382.2,384.10 2 1
github.com/gavv/httpexpect/v2/request.go:368.22,370.3 1 1
github.com/gavv/httpexpect/v2/request.go:372.16,380.3 2 0
github.com/gavv/httpexpect/v2/request.go:402.63,406.22 3 1
github.com/gavv/httpexpect/v2/request.go:410.2,412.10 2 1
github.com/gavv/httpexpect/v2/request.go:406.22,408.3 1 1
github.com/gavv/httpexpect/v2/request.go:467.70,471.22 3 1
github.com/gavv/httpexpect/v2/request.go:475.2,477.10 2 1
github.com/gavv/httpexpect/v2/request.go:471.22,473.3 1 1
github.com/gavv/httpexpect/v2/request.go:495.63,499.22 3 1
github.com/gavv/httpexpect/v2/request.go:503.2,503.22 1 1
github.com/gavv/httpexpect/v2/request.go:514.2,516.10 2 1
github.com/gavv/httpexpect/v2/request.go:499.22,501.3 1 1
github.com/gavv/httpexpect/v2/request.go:503.22,512.3 2 1
github.com/gavv/httpexpect/v2/request.go:559.64,563.22 3 1
github.com/gavv/httpexpect/v2/request.go:567.2,569.10 2 1
github.com/gavv/httpexpect/v2/request.go:563.22,565.3 1 1
github.com/gavv/httpexpect/v2/request.go:587.59,591.22 3 1
github.com/gavv/httpexpect/v2/request.go:595.2,595.20 1 1
github.com/gavv/httpexpect/v2/request.go:606.2,608.10 2 1
github.com/gavv/httpexpect/v2/request.go:591.22,593.3 1 1
github.com/gavv/httpexpect/v2/request.go:595.20,604.3 2 1
github.com/gavv/httpexpect/v2/request.go:623.77,627.22 3 1
github.com/gavv/httpexpect/v2/request.go:631.2,631.29 1 1
github.com/gavv/httpexpect/v2/request.go:644.2,647.10 3 1
github.com/gavv/httpexpect/v2/request.go:627.22,629.3 1 1
github.com/gavv/httpexpect/v2/request.go:631.29,642.3 2 1
github.com/gavv/httpexpect/v2/request.go:670.51,674.22 3 1
github.com/gavv/httpexpect/v2/request.go:678.2,680.10 2 1
github.com/gavv/httpexpect/v2/request.go:674.22,676.3 1 1
github.com/gavv/httpexpect/v2/request.go:697.72,701.22 3 1
github.com/gavv/httpexpect/v2/request.go:705.2,705.19 1 1
github.com/gavv/httpexpect/v2/request.go:715.2,717.10 2 1
github.com/gavv/httpexpect/v2/request.go:701.22,703.3 1 1
github.com/gavv/httpexpect/v2/request.go:705.19,713.3 2 1
github.com/gavv/httpexpect/v2/request.go:733.68,737.22 3 1
github.com/gavv/httpexpect/v2/request.go:741.2,741.18 1 1
github.com/gavv/httpexpect/v2/request.go:751.2,753.10 2 1
github.com/gavv/httpexpect/v2/request.go:737.22,739.3 1 1
github.com/gavv/httpexpect/v2/request.go:741.18,749.3 2 1
github.com/gavv/httpexpect/v2/request.go:782.63,786.22 3 1
github.com/gavv/httpexpect/v2/request.go:790.2,790.19 1 1
github.com/gavv/httpexpect/v2/request.go:794.2,798.72 2 1
github.com/gavv/httpexpect/v2/request.go:809.2,809.28 1 1
github.com/gavv/httpexpect/v2/request.go:813.2,813.10 1 1
github.com/gavv/httpexpect/v2/request.go:786.22,788.3 1 1
github.com/gavv/httpexpect/v2/request.go:790.19,792.3 1 1
github.com/gavv/httpexpect/v2/request.go:798.72,802.3 3 1
github.com/gavv/httpexpect/v2/request.go:802.8,804.10 2 1
github.com/gavv/httpexpect/v2/request.go:804.10,806.4 1 1
github.com/gavv/httpexpect/v2/request.go:809.28,811.3 1 1
github.com/gavv/httpexpect/v2/request.go:816.59,819.75 2 1
github.com/gavv/httpexpect/v2/request.go:840.2,840.16 1 1
github.com/gavv/httpexpect/v2/request.go:852.2,852.12 1 1
github.com/gavv/httpexpect/v2/request.go:862.2,862.15 1 1
github.com/gavv/httpexpect/v2/request.go:819.75,820.32 1 1
github.com/gavv/httpexpect/v2/request.go:837.3,837.13 1 1
github.com/gavv/httpexpect/v2/request.go:820.32,821.20 1 1
github.com/gavv/httpexpect/v2/request.go:821.20,828.5 1 0
github.com/gavv/httpexpect/v2/request.go:828.10,831.5 2 1
github.com/gavv/httpexpect/v2/request.go:832.9,836.4 3 1
github.com/gavv/httpexpect/v2/request.go:840.16,850.3 2 0
github.com/gavv/httpexpect/v2/request.go:852.12,860.3 2 1
github.com/gavv/httpexpect/v2/request.go:875.69,879.22 3 1
github.com/gavv/httpexpect/v2/request.go:883.2,883.18 1 1
github.com/gavv/httpexpect/v2/request.go:893.2,893.20 1 1
github.com/gavv/httpexpect/v2/request.go:896.2,898.10 2 1
github.com/gavv/httpexpect/v2/request.go:879.22,881.3 1 1
github.com/gavv/httpexpect/v2/request.go:883.18,891.3 2 1
github.com/gavv/httpexpect/v2/request.go:893.20,895.3 1 1
github.com/gavv/httpexpect/v2/request.go:923.64,927.22 3 1
github.com/gavv/httpexpect/v2/request.go:931.2,931.19 1 1
github.com/gavv/httpexpect/v2/request.go:935.2,939.72 2 1
github.com/gavv/httpexpect/v2/request.go:967.2,967.20 1 1
github.com/gavv/httpexpect/v2/request.go:970.2,970.22 1 1
github.com/gavv/httpexpect/v2/request.go:974.2,974.10 1 1
github.com/gavv/httpexpect/v2/request.go:927.22,929.3 1 1
github.com/gavv/httpexpect/v2/request.go:931.19,933.3 1 1
github.com/gavv/httpexpect/v2/request.go:939.72,941.17 2 1
github.com/gavv/httpexpect/v2/request.go:941.17,951.4 2 0
github.com/gavv/httpexpect/v2/request.go:952.8,954.17 2 1
github.com/gavv/httpexpect/v2/request.go:954.17,964.4 2 1
github.com/gavv/httpexpect/v2/request.go:967.20,969.3 1 1
github.com/gavv/httpexpect/v2/request.go:970.22,972.3 1 1
github.com/gavv/httpexpect/v2/request.go:985.58,989.22 3 1
github.com/gavv/httpexpect/v2/request.go:993.2,995.16 2 1
github.com/gavv/httpexpect/v2/request.go:1007.2,1007.20 1 1
github.com/gavv/httpexpect/v2/request.go:1010.2,1010.22 1 1
github.com/gavv/httpexpect/v2/request.go:1014.2,1014.10 1 1
github.com/gavv/httpexpect/v2/request.go:989.22,991.3 1 1
github.com/gavv/httpexpect/v2/request.go:995.16,1005.3 2 1
github.com/gavv/httpexpect/v2/request.go:1007.20,1009.3 1 1
github.com/gavv/httpexpect/v2/request.go:1010.22,1012.3 1 1
github.com/gavv/httpexpect/v2/request.go:1027.51,1031.22 3 1
github.com/gavv/httpexpect/v2/request.go:1035.2,1036.16 2 1
github.com/gavv/httpexpect/v2/request.go:1048.2,1050.10 2 1
github.com/gavv/httpexpect/v2/request.go:1031.22,1033.3 1 1
github.com/gavv/httpexpect/v2/request.go:1036.16,1046.3 2 1
github.com/gavv/httpexpect/v2/request.go:1061.67,1065.22 3 1
github.com/gavv/httpexpect/v2/request.go:1069.2,1069.28 1 1
github.com/gavv/httpexpect/v2/request.go:1073.2,1073.10 1 1
github.com/gavv/httpexpect/v2/request.go:1065.22,1067.3 1 1
github.com/gavv/httpexpect/v2/request.go:1069.28,1071.3 1 1
github.com/gavv/httpexpect/v2/request.go:1082.52,1086.22 3 1
github.com/gavv/httpexpect/v2/request.go:1090.2,1092.10 2 1
github.com/gavv/httpexpect/v2/request.go:1086.22,1088.3 1 1
github.com/gavv/httpexpect/v2/request.go:1095.43,1096.36 1 1
github.com/gavv/httpexpect/v2/request.go:1097.14,1098.21 1 1
github.com/gavv/httpexpect/v2/request.go:1100.22,1101.19 1 1
github.com/gavv/httpexpect/v2/request.go:1104.3,1106.29 3 1
github.com/gavv/httpexpect/v2/request.go:1108.10,1109.29 1 1
github.com/gavv/httpexpect/v2/request.go:1101.19,1103.4 1 1
github.com/gavv/httpexpect/v2/request.go:1122.67,1126.22 3 1
github.com/gavv/httpexpect/v2/request.go:1130.2,1130.28 1 1
github.com/gavv/httpexpect/v2/request.go:1137.2,1137.10 1 1
github.com/gavv/httpexpect/v2/request.go:1126.22,1128.3 1 1
github.com/gavv/httpexpect/v2/request.go:1130.28,1135.3 1 1
github.com/gavv/httpexpect/v2/request.go:1146.52,1150.22 3 1
github.com/gavv/httpexpect/v2/request.go:1154.2,1159.10 2 1
github.com/gavv/httpexpect/v2/request.go:1150.22,1152.3 1 1
github.com/gavv/httpexpect/v2/request.go:1172.69,1176.22 3 1
github.com/gavv/httpexpect/v2/request.go:1180.2,1182.10 2 1
github.com/gavv/httpexpect/v2/request.go:1176.22,1178.3 1 1
github.com/gavv/httpexpect/v2/request.go:1191.50,1195.22 3 1
github.com/gavv/httpexpect/v2/request.go:1199.2,1201.10 2 1
github.com/gavv/httpexpect/v2/request.go:1195.22,1197.3 1 1
github.com/gavv/httpexpect/v2/request.go:1212.52,1216.22 3 1
github.com/gavv/httpexpect/v2/request.go:1220.2,1222.9 2 1
github.com/gavv/httpexpect/v2/request.go:1234.2,1237.10 3 1
github.com/gavv/httpexpect/v2/request.go:1216.22,1218.3 1 1
github.com/gavv/httpexpect/v2/request.go:1222.9,1232.3 2 1
github.com/gavv/httpexpect/v2/request.go:1255.58,1259.22 3 1
github.com/gavv/httpexpect/v2/request.go:1263.2,1263.35 1 1
github.com/gavv/httpexpect/v2/request.go:1276.2,1278.10 2 1
github.com/gavv/httpexpect/v2/request.go:1259.22,1261.3 1 1
github.com/gavv/httpexpect/v2/request.go:1263.35,1274.3 2 1
github.com/gavv/httpexpect/v2/request.go:1288.48,1292.22 3 1
github.com/gavv/httpexpect/v2/request.go:1296.2,1296.14 1 1
github.com/gavv/httpexpect/v2/request.go:1302.2,1302.10 1 1
github.com/gavv/httpexpect/v2/request.go:1292.22,1294.3 1 1
github.com/gavv/httpexpect/v2/request.go:1296.14,1298.3 1 1
github.com/gavv/httpexpect/v2/request.go:1298.8,1300.3 1 1
github.com/gavv/httpexpect/v2/request.go:1312.47,1316.22 3 1
github.com/gavv/httpexpect/v2/request.go:1320.2,1323.10 3 1
github.com/gavv/httpexpect/v2/request.go:1316.22,1318.3 1 1
github.com/gavv/httpexpect/v2/request.go:1340.57,1344.22 3 1
github.com/gavv/httpexpect/v2/request.go:1348.2,1350.16 2 1
github.com/gavv/httpexpect/v2/request.go:1362.2,1365.10 3 1
github.com/gavv/httpexpect/v2/request.go:1344.22,1346.3 1 1
github.com/gavv/httpexpect/v2/request.go:1350.16,1360.3 2 1
github.com/gavv/httpexpect/v2/request.go:1390.57,1394.22 3 1
github.com/gavv/httpexpect/v2/request.go:1398.2,1400.16 2 1
github.com/gavv/httpexpect/v2/request.go:1412.2,1412.24 1 1
github.com/gavv/httpexpect/v2/request.go:1444.2,1444.10 1 1
github.com/gavv/httpexpect/v2/request.go:1394.22,1396.3 1 1
github.com/gavv/httpexpect/v2/request.go:1400.16,1410.3 2 1
github.com/gavv/httpexpect/v2/request.go:1412.24,1416.20 3 1
github.com/gavv/httpexpect/v2/request.go:1419.3,1421.26 2 1
github.com/gavv/httpexpect/v2/request.go:1416.20,1418.4 1 1
github.com/gavv/httpexpect/v2/request.go:1421.26,1422.61 1 1
github.com/gavv/httpexpect/v2/request.go:1422.61,1431.5 2 0
github.com/gavv/httpexpect/v2/request.go:1433.8,1436.20 2 1
github.com/gavv/httpexpect/v2/request.go:1439.3,1439.23 1 1
github.com/gavv/httpexpect/v2/request.go:1436.20,1438.4 1 1
github.com/gavv/httpexpect/v2/request.go:1439.23,1441.4 1 1
github.com/gavv/httpexpect/v2/request.go:1459.73,1463.22 3 1
github.com/gavv/httpexpect/v2/request.go:1467.2,1467.24 1 1
github.com/gavv/httpexpect/v2/request.go:1490.2,1490.10 1 1
github.com/gavv/httpexpect/v2/request.go:1463.22,1465.3 1 1
github.com/gavv/httpexpect/v2/request.go:1467.24,1471.17 3 1
github.com/gavv/httpexpect/v2/request.go:1471.17,1480.4 2 0
github.com/gavv/httpexpect/v2/request.go:1481.8,1484.20 2 1
github.com/gavv/httpexpect/v2/request.go:1487.3,1487.55 1 1
github.com/gavv/httpexpect/v2/request.go:1484.20,1486.4 1 1
github.com/gavv/httpexpect/v2/request.go:1513.76,1517.22 3 1
github.com/gavv/httpexpect/v2/request.go:1521.2,1521.21 1 1
github.com/gavv/httpexpect/v2/request.go:1531.2,1533.10 2 1
github.com/gavv/httpexpect/v2/request.go:1517.22,1519.3 1 1
github.com/gavv/httpexpect/v2/request.go:1521.21,1529.3 2 1
github.com/gavv/httpexpect/v2/request.go:1547.73,1551.22 3 1
github.com/gavv/httpexpect/v2/request.go:1555.2,1557.10 2 1
github.com/gavv/httpexpect/v2/request.go:1551.22,1553.3 1 1
github.com/gavv/httpexpect/v2/request.go:1560.75,1563.24 2 1
github.com/gavv/httpexpect/v2/request.go:1573.2,1574.16 2 1
github.com/gavv/httpexpect/v2/request.go:1587.2,1588.42 2 1
github.com/gavv/httpexpect/v2/request.go:1606.2,1606.43 1 1
github.com/gavv/httpexpect/v2/request.go:1563.24,1571.3 2 1
github.com/gavv/httpexpect/v2/request.go:1574.16,1585.3 2 0
github.com/gavv/httpexpect/v2/request.go:1588.42,1590.3 1 1
github.com/gavv/httpexpect/v2/request.go:1590.8,1592.17 2 1
github.com/gavv/httpexpect/v2/request.go:1602.3,1603.18 2 1
github.com/gavv/httpexpect/v2/request.go:1592.17,1601.4 2 1
github.com/gavv/httpexpect/v2/request.go:1606.43,1615.3 2 0
github.com/gavv/httpexpect/v2/request.go:1633.44,1637.22 3 1
github.com/gavv/httpexpect/v2/request.go:1641.2,1643.24 2 1
github.com/gavv/httpexpect/v2/request.go:1649.2,1649.10 1 1
github.com/gavv/httpexpect/v2/request.go:1637.22,1639.3 1 1
github.com/gavv/httpexpect/v2/request.go:1643.24,1647.3 3 1
github.com/gavv/httpexpect/v2/request.go:1664.38,1670.17 4 1
github.com/gavv/httpexpect/v2/request.go:1677.2,1677.37 1 1
github.com/gavv/httpexpect/v2/request.go:1681.2,1681.13 1 1
github.com/gavv/httpexpect/v2/request.go:1670.17,1675.3 1 1
github.com/gavv/httpexpect/v2/request.go:1677.37,1679.3 1 1
github.com/gavv/httpexpect/v2/request.go:1684.41,1685.24 1 1
github.com/gavv/httpexpect/v2/request.go:1689.2,1689.17 1 1
github.com/gavv/httpexpect/v2/request.go:1695.2,1695.41 1 1
github.com/gavv/httpexpect/v2/request.go:1699.2,1704.17 2 1
github.com/gavv/httpexpect/v2/request.go:1710.2,1710.21 1 1
github.com/gavv/httpexpect/v2/request.go:1714.2,1720.4 1 1
github.com/gavv/httpexpect/v2/request.go:1685.24,1687.3 1 1
github.com/gavv/httpexpect/v2/request.go:1689.17,1690.34 1 1
github.com/gavv/httpexpect/v2/request.go:1690.34,1692.4 1 0
github.com/gavv/httpexpect/v2/request.go:1695.41,1697.3 1 1
github.com/gavv/httpexpect/v2/request.go:1704.17,1706.3 1 1
github.com/gavv/httpexpect/v2/request.go:1706.8,1708.3 1 1
github.com/gavv/httpexpect/v2/request.go:1710.21,1712.3 1 1
github.com/gavv/httpexpect/v2/request.go:1723.40,1724.22 1 1
github.com/gavv/httpexpect/v2/request.go:1728.2,1730.20 2 1
github.com/gavv/httpexpect/v2/request.go:1734.2,1734.24 1 1
github.com/gavv/httpexpect/v2/request.go:1753.2,1753.27 1 1
github.com/gavv/httpexpect/v2/request.go:1757.2,1757.29 1 1
github.com/gavv/httpexpect/v2/request.go:1761.2,1763.13 2 1
github.com/gavv/httpexpect/v2/request.go:1724.22,1726.3 1 1
github.com/gavv/httpexpect/v2/request.go:1730.20,1732.3 1 1
github.com/gavv/httpexpect/v2/request.go:1734.24,1735.45 1 1
github.com/gavv/httpexpect/v2/request.go:1746.3,1747.58 2 1
github.com/gavv/httpexpect/v2/request.go:1735.45,1744.4 2 0
github.com/gavv/httpexpect/v2/request.go:1748.8,1748.26 1 1
github.com/gavv/httpexpect/v2/request.go:1748.26,1751.3 2 1
github.com/gavv/httpexpect/v2/request.go:1753.27,1755.3 1 1
github.com/gavv/httpexpect/v2/request.go:1757.29,1759.3 1 1
github.com/gavv/httpexpect/v2/request.go:1770.49,1771.22 1 1
github.com/gavv/httpexpect/v2/request.go:1775.2,1775.24 1 1
github.com/gavv/httpexpect/v2/request.go:1785.2,1785.30 1 1
github.com/gavv/httpexpect/v2/request.go:1792.2,1792.13 1 1
github.com/gavv/httpexpect/v2/request.go:1771.22,1773.3 1 0
github.com/gavv/httpexpect/v2/request.go:1775.24,1783.3 2 0
github.com/gavv/httpexpect/v2/request.go:1786.15,1787.31 1 0
github.com/gavv/httpexpect/v2/request.go:1788.10,1789.30 1 1
github.com/gavv/httpexpect/v2/request.go:1795.65,1796.22 1 1
github.com/gavv/httpexpect/v2/request.go:1800.2,1800.70 1 1
github.com/gavv/httpexpect/v2/request.go:1804.2,1804.16 1 1
github.com/gavv/httpexpect/v2/request.go:1815.2,1815.22 1 1
github.com/gavv/httpexpect/v2/request.go:1796.22,1798.3 1 1
github.com/gavv/httpexpect/v2/request.go:1800.70,1802.3 1 1
github.com/gavv/httpexpect/v2/request.go:1804.16,1813.3 2 1
github.com/gavv/httpexpect/v2/request.go:1820.3,1821.22 1 1
github.com/gavv/httpexpect/v2/request.go:1825.2,1826.79 2 1
github.com/gavv/httpexpect/v2/request.go:1832.2,1832.52 1 1
github.com/gavv/httpexpect/v2/request.go:1843.2,1843.17 1 1
github.com/gavv/httpexpect/v2/request.go:1853.2,1853.28 1 1
github.com/gavv/httpexpect/v2/request.go:1821.22,1823.3 1 0
github.com/gavv/httpexpect/v2/request.go:1826.79,1830.3 2 1
github.com/gavv/httpexpect/v2/request.go:1832.52,1841.3 2 0
github.com/gavv/httpexpect/v2/request.go:1843.17,1851.3 2 1
github.com/gavv/httpexpect/v2/request.go:1858.3,1859.60 1 1
github.com/gavv/httpexpect/v2/request.go:1865.2,1870.6 4 1
github.com/gavv/httpexpect/v2/request.go:1859.60,1860.50 1 1
github.com/gavv/httpexpect/v2/request.go:1860.50,1862.4 1 1
github.com/gavv/httpexpect/v2/request.go:1870.6,1871.45 1 1
github.com/gavv/httpexpect/v2/request.go:1878.3,1878.21 1 1
github.com/gavv/httpexpect/v2/request.go:1882.3,1884.20 2 1
github.com/gavv/httpexpect/v2/request.go:1895.3,1899.38 4 1
github.com/gavv/httpexpect/v2/request.go:1905.3,1905.18 1 1
github.com/gavv/httpexpect/v2/request.go:1914.3,1915.26 2 1
github.com/gavv/httpexpect/v2/request.go:1919.3,1919.32 1 1
github.com/gavv/httpexpect/v2/request.go:1923.3,1923.38 1 1
github.com/gavv/httpexpect/v2/request.go:1927.3,1927.54 1 1
github.com/gavv/httpexpect/v2/request.go:1937.3,1938.30 2 1
github.com/gavv/httpexpect/v2/request.go:1871.45,1872.22 1 1
github.com/gavv/httpexpect/v2/request.go:1875.4,1875.30 1 1
github.com/gavv/httpexpect/v2/request.go:1872.22,1874.5 1 1
github.com/gavv/httpexpect/v2/request.go:1878.21,1880.4 1 1
github.com/gavv/httpexpect/v2/request.go:1884.20,1886.31 2 1
github.com/gavv/httpexpect/v2/request.go:1892.4,1892.42 1 1
github.com/gavv/httpexpect/v2/request.go:1886.31,1888.5 1 1
github.com/gavv/httpexpect/v2/request.go:1888.10,1890.5 1 1
github.com/gavv/httpexpect/v2/request.go:1899.38,1901.4 1 1
github.com/gavv/httpexpect/v2/request.go:1901.9,1901.29 1 1
github.com/gavv/httpexpect/v2/request.go:1901.29,1903.4 1 1
github.com/gavv/httpexpect/v2/request.go:1905.18,1906.46 1 1
github.com/gavv/httpexpect/v2/request.go:1906.46,1907.25 1 1
github.com/gavv/httpexpect/v2/request.go:1910.5,1910.36 1 1
github.com/gavv/httpexpect/v2/request.go:1907.25,1909.6 1 1
github.com/gavv/httpexpect/v2/request.go:1915.26,1917.4 1 1
github.com/gavv/httpexpect/v2/request.go:1919.32,1921.4 1 1
github.com/gavv/httpexpect/v2/request.go:1923.38,1925.4 1 1
github.com/gavv/httpexpect/v2/request.go:1927.54,1928.11 1 1
github.com/gavv/httpexpect/v2/request.go:1929.28,1930.41 1 1
github.com/gavv/httpexpect/v2/request.go:1931.28,1931.28 0 1
github.com/gavv/httpexpect/v2/request.go:1933.9,1935.4 1 1
github.com/gavv/httpexpect/v2/request.go:1938.30,1940.4 1 1
github.com/gavv/httpexpect/v2/request.go:1944.68,1951.39 2 1
github.com/gavv/httpexpect/v2/request.go:1956.2,1956.17 1 1
github.com/gavv/httpexpect/v2/request.go:1961.2,1961.23 1 1
github.com/gavv/httpexpect/v2/request.go:1975.2,1975.14 1 1
github.com/gavv/httpexpect/v2/request.go:1951.39,1954.3 1 1
github.com/gavv/httpexpect/v2/request.go:1956.17,1959.3 2 1
github.com/gavv/httpexpect/v2/request.go:1962.17,1963.8 1 1
github.com/gavv/httpexpect/v2/request.go:1965.35,1966.33 1 1
github.com/gavv/httpexpect/v2/request.go:1968.44,1969.59 1 1
github.com/gavv/httpexpect/v2/request.go:1971.22,1972.35 1 1
github.com/gavv/httpexpect/v2/request.go:1978.36,1981.23 2 1
github.com/gavv/httpexpect/v2/request.go:2011.2,2011.45 1 1
github.com/gavv/httpexpect/v2/request.go:2026.2,2026.44 1 1
github.com/gavv/httpexpect/v2/request.go:1981.23,1982.48 1 1
github.com/gavv/httpexpect/v2/request.go:1993.3,1993.27 1 1
github.com/gavv/httpexpect/v2/request.go:1982.48,1991.4 2 1
github.com/gavv/httpexpect/v2/request.go:1993.27,2002.4 2 1
github.com/gavv/httpexpect/v2/request.go:2003.8,2004.72 1 1
github.com/gavv/httpexpect/v2/request.go:2004.72,2008.4 3 1
github.com/gavv/httpexpect/v2/request.go:2011.45,2012.81 1 1
github.com/gavv/httpexpect/v2/request.go:2012.81,2014.4 1 1
github.com/gavv/httpexpect/v2/request.go:2015.8,2015.32 1 1
github.com/gavv/httpexpect/v2/request.go:2015.32,2016.81 1 1
github.com/gavv/httpexpect/v2/request.go:2016.81,2017.33 1 1
github.com/gavv/httpexpect/v2/request.go:2020.4,2020.14 1 1
github.com/gavv/httpexpect/v2/request.go:2017.33,2019.5 1 1
github.com/gavv/httpexpect/v2/request.go:2022.8,2022.54 1 1
github.com/gavv/httpexpect/v2/request.go:2022.54,2024.3 1 1
github.com/gavv/httpexpect/v2/request.go:2026.44,2027.61 1 1
github.com/gavv/httpexpect/v2/request.go:2027.61,2028.51 1 1
github.com/gavv/httpexpect/v2/request.go:2031.4,2031.61 1 1
github.com/gavv/httpexpect/v2/request.go:2028.51,2030.5 1 1
github.com/gavv/httpexpect/v2/request.go:2032.9,2033.54 1 1
github.com/gavv/httpexpect/v2/request.go:2033.54,2035.5 1 1
github.com/gavv/httpexpect/v2/request.go:2037.8,2037.54 1 1
github.com/gavv/httpexpect/v2/request.go:2037.54,2039.3 1 1
github.com/gavv/httpexpect/v2/request.go:2048.70,2049.17 1 1
github.com/gavv/httpexpect/v2/request.go:2053.2,2053.16 1 1
github.com/gavv/httpexpect/v2/request.go:2068.2,2069.54 2 1
github.com/gavv/httpexpect/v2/request.go:2049.17,2051.3 1 1
github.com/gavv/httpexpect/v2/request.go:2053.16,2056.52 2 1
github.com/gavv/httpexpect/v2/request.go:2056.52,2065.4 2 1
github.com/gavv/httpexpect/v2/request.go:2076.85,2077.38 1 1
github.com/gavv/httpexpect/v2/request.go:2087.2,2087.30 1 1
github.com/gavv/httpexpect/v2/request.go:2091.2,2091.19 1 1
github.com/gavv/httpexpect/v2/request.go:2099.2,2099.23 1 1
github.com/gavv/httpexpect/v2/request.go:2077.38,2085.3 2 1
github.com/gavv/httpexpect/v2/request.go:2087.30,2088.26 1 0
github.com/gavv/httpexpect/v2/request.go:2091.19,2094.3 2 1
github.com/gavv/httpexpect/v2/request.go:2094.8,2097.3 2 1
github.com/gavv/httpexpect/v2/request.go:2102.38,2103.13 1 1
github.com/gavv/httpexpect/v2/request.go:2106.2,2106.13 1 1
github.com/gavv/httpexpect/v2/request.go:2109.2,2111.20 3 1
github.com/gavv/httpexpect/v2/request.go:2103.13,2105.3 1 1
github.com/gavv/httpexpect/v2/request.go:2106.13,2108.3 1 1
github.com/gavv/httpexpect/v2/request.go:2114.39,2116.16 2 1
github.com/gavv/httpexpect/v2/request.go:2116.16,2117.13 1 0
github.com/gavv/httpexpect/v2/response.go:43.13,55.2 3 1
github.com/gavv/httpexpect/v2/response.go:65.47,71.26 2 1
github.com/gavv/httpexpect/v2/response.go:82.2,82.23 1 1
github.com/gavv/httpexpect/v2/response.go:92.2,98.23 5 1
github.com/gavv/httpexpect/v2/response.go:103.2,105.10 2 1
github.com/gavv/httpexpect/v2/response.go:71.26,80.3 2 1
github.com/gavv/httpexpect/v2/response.go:82.23,90.3 2 0
github.com/gavv/httpexpect/v2/response.go:98.23,101.3 2 1
github.com/gavv/httpexpect/v2/response.go:108.59,109.22 1 1
github.com/gavv/httpexpect/v2/response.go:113.2,113.44 1 1
github.com/gavv/httpexpect/v2/response.go:117.2,120.16 3 1
github.com/gavv/httpexpect/v2/response.go:124.2,124.16 1 1
github.com/gavv/httpexpect/v2/response.go:135.2,135.16 1 1
github.com/gavv/httpexpect/v2/response.go:109.22,111.3 1 1
github.com/gavv/httpexpect/v2/response.go:113.44,115.3 1 1
github.com/gavv/httpexpect/v2/response.go:120.16,122.3 1 1
github.com/gavv/httpexpect/v2/response.go:124.16,133.3 2 1
github.com/gavv/httpexpect/v2/response.go:140.41,142.2 1 1
github.com/gavv/httpexpect/v2/response.go:154.46,158.22 3 1
github.com/gavv/httpexpect/v2/response.go:162.2,162.36 1 1
github.com/gavv/httpexpect/v2/response.go:158.22,160.3 1 1
github.com/gavv/httpexpect/v2/response.go:166.39,170.22 3 1
github.com/gavv/httpexpect/v2/response.go:174.2,174.18 1 1
github.com/gavv/httpexpect/v2/response.go:178.2,178.44 1 1
github.com/gavv/httpexpect/v2/response.go:170.22,172.3 1 1
github.com/gavv/httpexpect/v2/response.go:174.18,176.3 1 1
github.com/gavv/httpexpect/v2/response.go:187.49,191.22 3 1
github.com/gavv/httpexpect/v2/response.go:195.2,198.10 2 1
github.com/gavv/httpexpect/v2/response.go:191.22,193.3 1 1
github.com/gavv/httpexpect/v2/response.go:236.58,240.22 3 1
github.com/gavv/httpexpect/v2/response.go:244.2,249.40 4 1
github.com/gavv/httpexpect/v2/response.go:262.2,262.10 1 1
github.com/gavv/httpexpect/v2/response.go:240.22,242.3 1 1
github.com/gavv/httpexpect/v2/response.go:249.40,260.3 1 1
github.com/gavv/httpexpect/v2/response.go:271.56,275.22 3 1
github.com/gavv/httpexpect/v2/response.go:279.2,279.22 1 1
github.com/gavv/httpexpect/v2/response.go:289.2,290.27 2 1
github.com/gavv/httpexpect/v2/response.go:297.2,297.12 1 1
github.com/gavv/httpexpect/v2/response.go:308.2,308.10 1 1
github.com/gavv/httpexpect/v2/response.go:275.22,277.3 1 1
github.com/gavv/httpexpect/v2/response.go:279.22,287.3 2 1
github.com/gavv/httpexpect/v2/response.go:290.27,291.33 1 1
github.com/gavv/httpexpect/v2/response.go:291.33,293.9 2 1
github.com/gavv/httpexpect/v2/response.go:297.12,306.3 1 1
github.com/gavv/httpexpect/v2/response.go:311.38,312.41 1 1
github.com/gavv/httpexpect/v2/response.go:315.2,315.27 1 1
github.com/gavv/httpexpect/v2/response.go:312.41,314.3 1 1
github.com/gavv/httpexpect/v2/response.go:318.39,319.9 1 1
github.com/gavv/httpexpect/v2/response.go:320.33,321.29 1 1
github.com/gavv/httpexpect/v2/response.go:322.33,323.23 1 1
github.com/gavv/httpexpect/v2/response.go:324.33,325.27 1 1
github.com/gavv/httpexpect/v2/response.go:326.33,327.28 1 1
github.com/gavv/httpexpect/v2/response.go:328.33,329.28 1 1
github.com/gavv/httpexpect/v2/response.go:330.10,331.12 1 1
github.com/gavv/httpexpect/v2/response.go:335.49,337.27 2 1
github.com/gavv/httpexpect/v2/response.go:340.2,340.19 1 1
github.com/gavv/httpexpect/v2/response.go:337.27,339.3 1 1
github.com/gavv/httpexpect/v2/response.go:349.38,353.22 3 1
github.com/gavv/httpexpect/v2/response.go:357.2,360.34 3 1
github.com/gavv/httpexpect/v2/response.go:353.22,355.3 1 1
github.com/gavv/httpexpect/v2/response.go:370.50,374.22 3 1
github.com/gavv/httpexpect/v2/response.go:378.2,380.34 2 1
github.com/gavv/httpexpect/v2/response.go:374.22,376.3 1 1
github.com/gavv/httpexpect/v2/response.go:394.37,398.22 3 1
github.com/gavv/httpexpect/v2/response.go:402.2,403.30 2 1
github.com/gavv/httpexpect/v2/response.go:407.2,407.33 1 1
github.com/gavv/httpexpect/v2/response.go:398.22,400.3 1 1
github.com/gavv/httpexpect/v2/response.go:403.30,405.3 1 1
github.com/gavv/httpexpect/v2/response.go:420.48,424.22 3 1
github.com/gavv/httpexpect/v2/response.go:428.2,431.30 3 1
github.com/gavv/httpexpect/v2/response.go:439.2,439.19 1 1
github.com/gavv/httpexpect/v2/response.go:451.2,451.15 1 1
github.com/gavv/httpexpect/v2/response.go:424.22,426.3 1 1
github.com/gavv/httpexpect/v2/response.go:431.30,432.21 1 1
github.com/gavv/httpexpect/v2/response.go:436.3,436.32 1 1
github.com/gavv/httpexpect/v2/response.go:432.21,434.9 2 1
github.com/gavv/httpexpect/v2/response.go:439.19,449.3 2 1
github.com/gavv/httpexpect/v2/response.go:465.43,469.22 3 1
github.com/gavv/httpexpect/v2/response.go:473.2,473.24 1 1
github.com/gavv/httpexpect/v2/response.go:484.2,484.53 1 1
github.com/gavv/httpexpect/v2/response.go:469.22,471.3 1 1
github.com/gavv/httpexpect/v2/response.go:473.24,482.3 2 1
github.com/gavv/httpexpect/v2/response.go:494.35,496.2 1 1
github.com/gavv/httpexpect/v2/response.go:500.42,504.22 3 1
github.com/gavv/httpexpect/v2/response.go:508.2,513.10 4 1
github.com/gavv/httpexpect/v2/response.go:504.22,506.3 1 1
github.com/gavv/httpexpect/v2/response.go:524.79,528.22 3 1
github.com/gavv/httpexpect/v2/response.go:532.2,532.22 1 1
github.com/gavv/httpexpect/v2/response.go:542.2,544.10 2 1
github.com/gavv/httpexpect/v2/response.go:528.22,530.3 1 1
github.com/gavv/httpexpect/v2/response.go:532.22,540.3 2 0
github.com/gavv/httpexpect/v2/response.go:549.66,553.22 3 1
github.com/gavv/httpexpect/v2/response.go:557.2,561.10 2 1
github.com/gavv/httpexpect/v2/response.go:553.22,555.3 1 1
github.com/gavv/httpexpect/v2/response.go:566.67,570.22 3 1
github.com/gavv/httpexpect/v2/response.go:574.2,578.10 2 1
github.com/gavv/httpexpect/v2/response.go:570.22,572.3 1 1
github.com/gavv/httpexpect/v2/response.go:601.57,605.22 3 1
github.com/gavv/httpexpect/v2/response.go:609.2,609.22 1 1
github.com/gavv/httpexpect/v2/response.go:619.2,619.51 1 1
github.com/gavv/httpexpect/v2/response.go:623.2,625.36 2 1
github.com/gavv/httpexpect/v2/response.go:605.22,607.3 1 1
github.com/gavv/httpexpect/v2/response.go:609.22,617.3 2 0
github.com/gavv/httpexpect/v2/response.go:619.51,621.3 1 1
github.com/gavv/httpexpect/v2/response.go:641.57,645.22 3 1
github.com/gavv/httpexpect/v2/response.go:649.2,649.22 1 1
github.com/gavv/httpexpect/v2/response.go:659.2,661.35 2 1
github.com/gavv/httpexpect/v2/response.go:645.22,647.3 1 1
github.com/gavv/httpexpect/v2/response.go:649.22,657.3 2 0
github.com/gavv/httpexpect/v2/response.go:664.75,665.78 1 1
github.com/gavv/httpexpect/v2/response.go:669.2,673.48 3 1
github.com/gavv/httpexpect/v2/response.go:687.2,687.15 1 1
github.com/gavv/httpexpect/v2/response.go:665.78,667.3 1 1
github.com/gavv/httpexpect/v2/response.go:673.48,685.3 2 1
github.com/gavv/httpexpect/v2/response.go:702.56,706.22 3 1
github.com/gavv/httpexpect/v2/response.go:710.2,710.22 1 1
github.com/gavv/httpexpect/v2/response.go:720.2,722.33 2 1
github.com/gavv/httpexpect/v2/response.go:706.22,708.3 1 1
github.com/gavv/httpexpect/v2/response.go:710.22,718.3 2 0
github.com/gavv/httpexpect/v2/response.go:725.64,726.57 1 1
github.com/gavv/httpexpect/v2/response.go:730.2,732.58 2 1
github.com/gavv/httpexpect/v2/response.go:746.2,746.14 1 1
github.com/gavv/httpexpect/v2/response.go:726.57,728.3 1 1
github.com/gavv/httpexpect/v2/response.go:732.58,744.3 2 1
github.com/gavv/httpexpect/v2/response.go:769.74,773.22 3 1
github.com/gavv/httpexpect/v2/response.go:777.2,777.22 1 1
github.com/gavv/httpexpect/v2/response.go:787.2,789.33 2 1
github.com/gavv/httpexpect/v2/response.go:773.22,775.3 1 1
github.com/gavv/httpexpect/v2/response.go:777.22,785.3 2 0
github.com/gavv/httpexpect/v2/response.go:796.82,797.63 1 1
github.com/gavv/httpexpect/v2/response.go:801.2,803.45 2 1
github.com/gavv/httpexpect/v2/response.go:817.2,819.53 2 1
github.com/gavv/httpexpect/v2/response.go:833.2,833.14 1 1
github.com/gavv/httpexpect/v2/response.go:797.63,799.3 1 1
github.com/gavv/httpexpect/v2/response.go:803.45,815.3 2 1
github.com/gavv/httpexpect/v2/response.go:819.53,831.3 2 1
github.com/gavv/httpexpect/v2/response.go:838.8,839.23 1 1
github.com/gavv/httpexpect/v2/response.go:847.2,847.61 1 1
github.com/gavv/httpexpect/v2/response.go:839.23,840.33 1 1
github.com/gavv/httpexpect/v2/response.go:843.3,843.31 1 1
github.com/gavv/httpexpect/v2/response.go:840.33,842.4 1 1
github.com/gavv/httpexpect/v2/response.go:843.31,845.4 1 1
github.com/gavv/httpexpect/v2/response.go:850.90,853.53 2 1
github.com/gavv/httpexpect/v2/response.go:859.2,860.16 2 1
github.com/gavv/httpexpect/v2/response.go:872.2,872.31 1 1
github.com/gavv/httpexpect/v2/response.go:884.2,886.31 2 1
github.com/gavv/httpexpect/v2/response.go:912.2,912.13 1 1
github.com/gavv/httpexpect/v2/response.go:853.53,854.24 1 1
github.com/gavv/httpexpect/v2/response.go:854.24,856.4 1 1
github.com/gavv/httpexpect/v2/response.go:860.16,870.3 2 1
github.com/gavv/httpexpect/v2/response.go:872.31,882.3 2 1
github.com/gavv/httpexpect/v2/response.go:886.31,887.60 1 1
github.com/gavv/httpexpect/v2/response.go:887.60,897.4 2 1
github.com/gavv/httpexpect/v2/response.go:898.8,899.54 1 1
github.com/gavv/httpexpect/v2/response.go:899.54,909.4 2 1
github.com/gavv/httpexpect/v2/response.go:915.74,916.42 1 1
github.com/gavv/httpexpect/v2/response.go:916.42,925.3 1 1
github.com/gavv/httpexpect/v2/assertion.go:235.66,236.24 1 1
github.com/gavv/httpexpect/v2/assertion.go:240.2,240.21 1 1
github.com/gavv/httpexpect/v2/assertion.go:244.2,246.26 2 1
github.com/gavv/httpexpect/v2/assertion.go:236.24,237.52 1 0
github.com/gavv/httpexpect/v2/assertion.go:240.21,242.3 1 1
github.com/gavv/httpexpect/v2/assertion.go:252.3,253.24 1 1
github.com/gavv/httpexpect/v2/assertion.go:257.2,257.26 1 1
github.com/gavv/httpexpect/v2/assertion.go:253.24,254.52 1 0
github.com/gavv/httpexpect/v2/assertion.go:258.21,259.24 1 1
github.com/gavv/httpexpect/v2/assertion.go:263.3,265.31 2 1
github.com/gavv/httpexpect/v2/assertion.go:267.19,268.22 1 1
github.com/gavv/httpexpect/v2/assertion.go:272.3,274.27 2 1
github.com/gavv/httpexpect/v2/assertion.go:259.24,260.52 1 0
github.com/gavv/httpexpect/v2/assertion.go:268.22,270.4 1 1
github.com/gavv/httpexpect/v2/boolean.go:21.57,23.2 1 1
github.com/gavv/httpexpect/v2/boolean.go:25.51,27.2 1 1
github.com/gavv/httpexpect/v2/boolean.go:36.30,38.2 1 1
github.com/gavv/httpexpect/v2/boolean.go:41.44,46.2 3 1
github.com/gavv/httpexpect/v2/boolean.go:49.55,55.2 4 1
github.com/gavv/httpexpect/v2/boolean.go:63.46,67.22 3 1
github.com/gavv/httpexpect/v2/boolean.go:71.2,71.25 1 1
github.com/gavv/httpexpect/v2/boolean.go:82.2,82.10 1 1
github.com/gavv/httpexpect/v2/boolean.go:67.22,69.3 1 1
github.com/gavv/httpexpect/v2/boolean.go:71.25,80.3 1 1
github.com/gavv/httpexpect/v2/boolean.go:91.49,95.22 3 1
github.com/gavv/httpexpect/v2/boolean.go:99.2,99.25 1 1
github.com/gavv/httpexpect/v2/boolean.go:110.2,110.10 1 1
github.com/gavv/httpexpect/v2/boolean.go:95.22,97.3 1 1
github.com/gavv/httpexpect/v2/boolean.go:99.25,108.3 1 1
github.com/gavv/httpexpect/v2/boolean.go:119.35,123.22 3 1
github.com/gavv/httpexpect/v2/boolean.go:127.2,127.24 1 1
github.com/gavv/httpexpect/v2/boolean.go:138.2,138.10 1 1
github.com/gavv/httpexpect/v2/boolean.go:123.22,125.3 1 1
github.com/gavv/httpexpect/v2/boolean.go:127.24,136.3 1 1
github.com/gavv/httpexpect/v2/boolean.go:147.36,151.22 3 1
github.com/gavv/httpexpect/v2/boolean.go:155.2,155.25 1 1
github.com/gavv/httpexpect/v2/boolean.go:166.2,166.10 1 1
github.com/gavv/httpexpect/v2/boolean.go:151.22,153.3 1 1
github.com/gavv/httpexpect/v2/boolean.go:155.25,164.3 1 1
github.com/gavv/httpexpect/v2/cookie.go:25.63,27.2 1 1
github.com/gavv/httpexpect/v2/cookie.go:29.57,32.16 2 1
github.com/gavv/httpexpect/v2/cookie.go:44.2,44.10 1 1
github.com/gavv/httpexpect/v2/cookie.go:32.16,40.3 1 1
github.com/gavv/httpexpect/v2/cookie.go:40.8,42.3 1 1
github.com/gavv/httpexpect/v2/cookie.go:54.37,56.2 1 1
github.com/gavv/httpexpect/v2/cookie.go:64.33,68.22 3 1
github.com/gavv/httpexpect/v2/cookie.go:72.2,72.41 1 1
github.com/gavv/httpexpect/v2/cookie.go:68.22,70.3 1 1
github.com/gavv/httpexpect/v2/cookie.go:81.34,85.22 3 1
github.com/gavv/httpexpect/v2/cookie.go:89.2,89.42 1 1
github.com/gavv/httpexpect/v2/cookie.go:85.22,87.3 1 1
github.com/gavv/httpexpect/v2/cookie.go:98.35,102.22 3 1
github.com/gavv/httpexpect/v2/cookie.go:106.2,106.43 1 1
github.com/gavv/httpexpect/v2/cookie.go:102.22,104.3 1 1
github.com/gavv/httpexpect/v2/cookie.go:115.33,119.22 3 1
github.com/gavv/httpexpect/v2/cookie.go:123.2,123.41 1 1
github.com/gavv/httpexpect/v2/cookie.go:119.22,121.3 1 1
github.com/gavv/httpexpect/v2/cookie.go:132.38,136.22 3 1
github.com/gavv/httpexpect/v2/cookie.go:140.2,140.46 1 1
github.com/gavv/httpexpect/v2/cookie.go:136.22,138.3 1 1
github.com/gavv/httpexpect/v2/cookie.go:152.39,156.22 3 1
github.com/gavv/httpexpect/v2/cookie.go:160.2,160.25 1 1
github.com/gavv/httpexpect/v2/cookie.go:170.2,170.10 1 1
github.com/gavv/httpexpect/v2/cookie.go:156.22,158.3 1 1
github.com/gavv/httpexpect/v2/cookie.go:160.25,168.3 1 1
github.com/gavv/httpexpect/v2/cookie.go:182.42,186.22 3 1
github.com/gavv/httpexpect/v2/cookie.go:190.2,190.25 1 1
github.com/gavv/httpexpect/v2/cookie.go:200.2,200.10 1 1
github.com/gavv/httpexpect/v2/cookie.go:186.22,188.3 1 1
github.com/gavv/httpexpect/v2/cookie.go:190.25,198.3 1 1
github.com/gavv/httpexpect/v2/cookie.go:215.37,219.22 3 1
github.com/gavv/httpexpect/v2/cookie.go:223.2,223.9 1 1
github.com/gavv/httpexpect/v2/cookie.go:219.22,221.3 1 1
github.com/gavv/httpexpect/v2/cookie.go:224.27,228.35 2 1
github.com/gavv/httpexpect/v2/cookie.go:230.26,232.36 2 1
github.com/gavv/httpexpect/v2/cookie.go:234.10,236.36 2 1
github.com/gavv/httpexpect/v2/number.go:22.58,24.2 1 1
github.com/gavv/httpexpect/v2/number.go:26.52,28.2 1 1
github.com/gavv/httpexpect/v2/number.go:37.32,39.2 1 1
github.com/gavv/httpexpect/v2/number.go:42.43,47.2 3 1
github.com/gavv/httpexpect/v2/number.go:50.53,56.2 4 1
github.com/gavv/httpexpect/v2/number.go:68.51,72.22 3 1
github.com/gavv/httpexpect/v2/number.go:76.2,77.9 2 1
github.com/gavv/httpexpect/v2/number.go:81.2,81.23 1 1
github.com/gavv/httpexpect/v2/number.go:92.2,92.10 1 1
github.com/gavv/httpexpect/v2/number.go:72.22,74.3 1 1
github.com/gavv/httpexpect/v2/number.go:77.9,79.3 1 1
github.com/gavv/httpexpect/v2/number.go:81.23,90.3 1 1
github.com/gavv/httpexpect/v2/number.go:105.54,109.22 3 1
github.com/gavv/httpexpect/v2/number.go:113.2,114.9 2 1
github.com/gavv/httpexpect/v2/number.go:118.2,118.23 1 1
github.com/gavv/httpexpect/v2/number.go:129.2,129.10 1 1
github.com/gavv/httpexpect/v2/number.go:109.22,111.3 1 1
github.com/gavv/httpexpect/v2/number.go:114.9,116.3 1 1
github.com/gavv/httpexpect/v2/number.go:118.23,127.3 1 1
github.com/gavv/httpexpect/v2/number.go:138.59,142.22 3 1
github.com/gavv/httpexpect/v2/number.go:146.2,146.67 1 1
github.com/gavv/httpexpect/v2/number.go:159.2,161.35 2 1
github.com/gavv/httpexpect/v2/number.go:174.2,174.10 1 1
github.com/gavv/httpexpect/v2/number.go:142.22,144.3 1 1
github.com/gavv/httpexpect/v2/number.go:146.67,157.3 2 1
github.com/gavv/httpexpect/v2/number.go:161.35,172.3 2 1
github.com/gavv/httpexpect/v2/number.go:183.62,187.22 3 1
github.com/gavv/httpexpect/v2/number.go:191.2,191.67 1 1
github.com/gavv/httpexpect/v2/number.go:204.2,206.38 2 1
github.com/gavv/httpexpect/v2/number.go:219.2,219.10 1 1
github.com/gavv/httpexpect/v2/number.go:187.22,189.3 1 1
github.com/gavv/httpexpect/v2/number.go:191.67,202.3 2 1
github.com/gavv/httpexpect/v2/number.go:206.38,217.3 2 1
github.com/gavv/httpexpect/v2/number.go:232.48,236.22 3 1
github.com/gavv/httpexpect/v2/number.go:240.2,241.9 2 1
github.com/gavv/httpexpect/v2/number.go:245.2,245.22 1 1
github.com/gavv/httpexpect/v2/number.go:256.2,256.10 1 1
github.com/gavv/httpexpect/v2/number.go:236.22,238.3 1 1
github.com/gavv/httpexpect/v2/number.go:241.9,243.3 1 1
github.com/gavv/httpexpect/v2/number.go:245.22,254.3 1 1
github.com/gavv/httpexpect/v2/number.go:269.48,273.22 3 1
github.com/gavv/httpexpect/v2/number.go:277.2,278.9 2 1
github.com/gavv/httpexpect/v2/number.go:282.2,282.23 1 1
github.com/gavv/httpexpect/v2/number.go:293.2,293.10 1 1
github.com/gavv/httpexpect/v2/number.go:273.22,275.3 1 1
github.com/gavv/httpexpect/v2/number.go:278.9,280.3 1 1
github.com/gavv/httpexpect/v2/number.go:282.23,291.3 1 1
github.com/gavv/httpexpect/v2/number.go:306.48,310.22 3 1
github.com/gavv/httpexpect/v2/number.go:314.2,315.9 2 1
github.com/gavv/httpexpect/v2/number.go:319.2,319.22 1 1
github.com/gavv/httpexpect/v2/number.go:330.2,330.10 1 1
github.com/gavv/httpexpect/v2/number.go:310.22,312.3 1 1
github.com/gavv/httpexpect/v2/number.go:315.9,317.3 1 1
github.com/gavv/httpexpect/v2/number.go:319.22,328.3 1 1
github.com/gavv/httpexpect/v2/number.go:343.48,347.22 3 1
github.com/gavv/httpexpect/v2/number.go:351.2,352.9 2 1
github.com/gavv/httpexpect/v2/number.go:356.2,356.23 1 1
github.com/gavv/httpexpect/v2/number.go:367.2,367.10 1 1
github.com/gavv/httpexpect/v2/number.go:347.22,349.3 1 1
github.com/gavv/httpexpect/v2/number.go:352.9,354.3 1 1
github.com/gavv/httpexpect/v2/number.go:356.23,365.3 1 1
github.com/gavv/httpexpect/v2/number.go:381.56,385.22 3 1
github.com/gavv/httpexpect/v2/number.go:389.2,390.9 2 1
github.com/gavv/httpexpect/v2/number.go:394.2,395.9 2 1
github.com/gavv/httpexpect/v2/number.go:399.2,399.37 1 1
github.com/gavv/httpexpect/v2/number.go:410.2,410.10 1 1
github.com/gavv/httpexpect/v2/number.go:385.22,387.3 1 1
github.com/gavv/httpexpect/v2/number.go:390.9,392.3 1 1
github.com/gavv/httpexpect/v2/number.go:395.9,397.3 1 1
github.com/gavv/httpexpect/v2/number.go:399.37,408.3 1 1
github.com/gavv/httpexpect/v2/number.go:423.59,427.22 3 1
github.com/gavv/httpexpect/v2/number.go:431.2,432.9 2 1
github.com/gavv/httpexpect/v2/number.go:436.2,437.9 2 1
github.com/gavv/httpexpect/v2/number.go:441.2,441.34 1 1
github.com/gavv/httpexpect/v2/number.go:452.2,452.10 1 1
github.com/gavv/httpexpect/v2/number.go:427.22,429.3 1 1
github.com/gavv/httpexpect/v2/number.go:432.9,434.3 1 1
github.com/gavv/httpexpect/v2/number.go:437.9,439.3 1 1
github.com/gavv/httpexpect/v2/number.go:441.34,450.3 1 1
github.com/gavv/httpexpect/v2/object.go:25.73,27.2 1 1
github.com/gavv/httpexpect/v2/object.go:29.67,32.16 2 1
github.com/gavv/httpexpect/v2/object.go:44.2,44.10 1 1
github.com/gavv/httpexpect/v2/object.go:32.16,40.3 1 1
github.com/gavv/httpexpect/v2/object.go:40.8,42.3 1 1
github.com/gavv/httpexpect/v2/object.go:54.47,56.2 1 1
github.com/gavv/httpexpect/v2/object.go:59.43,64.2 3 1
github.com/gavv/httpexpect/v2/object.go:67.53,73.2 4 1
github.com/gavv/httpexpect/v2/object.go:82.32,86.22 3 1
github.com/gavv/httpexpect/v2/object.go:90.2,91.25 2 1
github.com/gavv/httpexpect/v2/object.go:95.2,95.39 1 1
github.com/gavv/httpexpect/v2/object.go:99.2,99.32 1 1
github.com/gavv/httpexpect/v2/object.go:86.22,88.3 1 1
github.com/gavv/httpexpect/v2/object.go:91.25,93.3 1 1
github.com/gavv/httpexpect/v2/object.go:95.39,97.3 1 1
github.com/gavv/httpexpect/v2/object.go:109.34,113.22 3 1
github.com/gavv/httpexpect/v2/object.go:117.2,118.25 2 1
github.com/gavv/httpexpect/v2/object.go:122.2,122.39 1 1
github.com/gavv/httpexpect/v2/object.go:126.2,127.25 2 1
github.com/gavv/httpexpect/v2/object.go:131.2,131.34 1 1
github.com/gavv/httpexpect/v2/object.go:113.22,115.3 1 1
github.com/gavv/httpexpect/v2/object.go:118.25,120.3 1 1
github.com/gavv/httpexpect/v2/object.go:122.39,124.3 1 1
github.com/gavv/httpexpect/v2/object.go:127.25,129.3 1 1
github.com/gavv/httpexpect/v2/object.go:140.43,144.22 3 1
github.com/gavv/httpexpect/v2/object.go:148.2,150.9 2 1
github.com/gavv/httpexpect/v2/object.go:162.2,162.33 1 1
github.com/gavv/httpexpect/v2/object.go:144.22,146.3 1 1
github.com/gavv/httpexpect/v2/object.go:150.9,160.3 2 1
github.com/gavv/httpexpect/v2/object.go:175.42,179.22 3 1
github.com/gavv/httpexpect/v2/object.go:183.2,185.28 2 1
github.com/gavv/httpexpect/v2/object.go:192.2,192.12 1 1
github.com/gavv/httpexpect/v2/object.go:179.22,181.3 1 1
github.com/gavv/httpexpect/v2/object.go:185.28,190.3 3 1
github.com/gavv/httpexpect/v2/object.go:209.67,213.22 3 1
github.com/gavv/httpexpect/v2/object.go:217.2,217.15 1 1
github.com/gavv/httpexpect/v2/object.go:227.2,229.32 2 1
github.com/gavv/httpexpect/v2/object.go:241.2,241.18 1 1
github.com/gavv/httpexpect/v2/object.go:245.2,245.10 1 1
github.com/gavv/httpexpect/v2/object.go:213.22,215.3 1 1
github.com/gavv/httpexpect/v2/object.go:217.15,225.3 2 0
github.com/gavv/httpexpect/v2/object.go:229.32,233.37 3 1
github.com/gavv/httpexpect/v2/object.go:237.3,237.37 1 1
github.com/gavv/httpexpect/v2/object.go:233.37,235.4 1 1
github.com/gavv/httpexpect/v2/object.go:241.18,243.3 1 1
github.com/gavv/httpexpect/v2/object.go:270.73,274.22 3 1
github.com/gavv/httpexpect/v2/object.go:278.2,278.15 1 1
github.com/gavv/httpexpect/v2/object.go:288.2,290.36 2 1
github.com/gavv/httpexpect/v2/object.go:303.2,303.43 1 1
github.com/gavv/httpexpect/v2/object.go:274.22,276.3 1 1
github.com/gavv/httpexpect/v2/object.go:278.15,286.3 2 0
github.com/gavv/httpexpect/v2/object.go:290.36,294.37 4 1
github.com/gavv/httpexpect/v2/object.go:297.3,298.61 2 1
github.com/gavv/httpexpect/v2/object.go:294.37,296.4 1 1
github.com/gavv/httpexpect/v2/object.go:298.61,300.4 1 1
github.com/gavv/httpexpect/v2/object.go:317.88,321.22 3 1
github.com/gavv/httpexpect/v2/object.go:325.2,325.15 1 1
github.com/gavv/httpexpect/v2/object.go:335.2,337.32 2 1
github.com/gavv/httpexpect/v2/object.go:342.2,342.35 1 1
github.com/gavv/httpexpect/v2/object.go:321.22,323.3 1 1
github.com/gavv/httpexpect/v2/object.go:325.15,333.3 2 1
github.com/gavv/httpexpect/v2/object.go:337.32,340.3 2 1
github.com/gavv/httpexpect/v2/object.go:351.34,355.22 3 1
github.com/gavv/httpexpect/v2/object.go:359.2,359.26 1 1
github.com/gavv/httpexpect/v2/object.go:369.2,369.10 1 1
github.com/gavv/httpexpect/v2/object.go:355.22,357.3 1 1
github.com/gavv/httpexpect/v2/object.go:359.26,367.3 1 1
github.com/gavv/httpexpect/v2/object.go:378.37,382.22 3 1
github.com/gavv/httpexpect/v2/object.go:386.2,386.26 1 1
github.com/gavv/httpexpect/v2/object.go:396.2,396.10 1 1
github.com/gavv/httpexpect/v2/object.go:382.22,384.3 1 1
github.com/gavv/httpexpect/v2/object.go:386.26,394.3 1 1
github.com/gavv/httpexpect/v2/object.go:408.51,412.22 3 1
github.com/gavv/httpexpect/v2/object.go:416.2,417.9 2 1
github.com/gavv/httpexpect/v2/object.go:421.2,421.43 1 1
github.com/gavv/httpexpect/v2/object.go:432.2,432.10 1 1
github.com/gavv/httpexpect/v2/object.go:412.22,414.3 1 1
github.com/gavv/httpexpect/v2/object.go:417.9,419.3 1 1
github.com/gavv/httpexpect/v2/object.go:421.43,430.3 1 1
github.com/gavv/httpexpect/v2/object.go:444.54,448.22 3 1
github.com/gavv/httpexpect/v2/object.go:452.2,453.9 2 1
github.com/gavv/httpexpect/v2/object.go:457.2,457.42 1 1
github.com/gavv/httpexpect/v2/object.go:468.2,468.10 1 1
github.com/gavv/httpexpect/v2/object.go:448.22,450.3 1 1
github.com/gavv/httpexpect/v2/object.go:453.9,455.3 1 1
github.com/gavv/httpexpect/v2/object.go:457.42,466.3 1 1
github.com/gavv/httpexpect/v2/object.go:477.50,481.22 3 1
github.com/gavv/httpexpect/v2/object.go:485.2,485.25 1 1
github.com/gavv/httpexpect/v2/object.go:496.2,496.10 1 1
github.com/gavv/httpexpect/v2/object.go:481.22,483.3 1 1
github.com/gavv/httpexpect/v2/object.go:485.25,494.3 1 1
github.com/gavv/httpexpect/v2/object.go:505.53,509.22 3 1
github.com/gavv/httpexpect/v2/object.go:513.2,513.24 1 1
github.com/gavv/httpexpect/v2/object.go:524.2,524.10 1 1
github.com/gavv/httpexpect/v2/object.go:509.22,511.3 1 1
github.com/gavv/httpexpect/v2/object.go:513.24,522.3 1 1
github.com/gavv/httpexpect/v2/object.go:534.59,538.22 3 1
github.com/gavv/httpexpect/v2/object.go:542.2,542.42 1 1
github.com/gavv/httpexpect/v2/object.go:553.2,553.10 1 1
github.com/gavv/httpexpect/v2/object.go:538.22,540.3 1 1
github.com/gavv/httpexpect/v2/object.go:542.42,551.3 1 1
github.com/gavv/httpexpect/v2/object.go:563.62,567.22 3 1
github.com/gavv/httpexpect/v2/object.go:571.2,571.43 1 1
github.com/gavv/httpexpect/v2/object.go:583.2,583.10 1 1
github.com/gavv/httpexpect/v2/object.go:567.22,569.3 1 1
github.com/gavv/httpexpect/v2/object.go:571.43,581.3 1 1
github.com/gavv/httpexpect/v2/object.go:617.60,621.22 3 1
github.com/gavv/httpexpect/v2/object.go:625.2,625.30 1 1
github.com/gavv/httpexpect/v2/object.go:636.2,636.10 1 1
github.com/gavv/httpexpect/v2/object.go:621.22,623.3 1 1
github.com/gavv/httpexpect/v2/object.go:625.30,634.3 1 1
github.com/gavv/httpexpect/v2/object.go:648.63,652.22 3 1
github.com/gavv/httpexpect/v2/object.go:656.2,656.29 1 1
github.com/gavv/httpexpect/v2/object.go:667.2,667.10 1 1
github.com/gavv/httpexpect/v2/object.go:652.22,654.3 1 1
github.com/gavv/httpexpect/v2/object.go:656.29,665.3 1 1
github.com/gavv/httpexpect/v2/object.go:671.57,673.2 1 0
github.com/gavv/httpexpect/v2/object.go:676.60,678.2 1 0
github.com/gavv/httpexpect/v2/object.go:689.68,693.22 3 1
github.com/gavv/httpexpect/v2/object.go:697.2,697.25 1 1
github.com/gavv/httpexpect/v2/object.go:709.2,710.9 2 1
github.com/gavv/httpexpect/v2/object.go:714.2,714.48 1 1
github.com/gavv/httpexpect/v2/object.go:728.2,728.10 1 1
github.com/gavv/httpexpect/v2/object.go:693.22,695.3 1 1
github.com/gavv/httpexpect/v2/object.go:697.25,707.3 2 1
github.com/gavv/httpexpect/v2/object.go:710.9,712.3 1 1
github.com/gavv/httpexpect/v2/object.go:714.48,726.3 2 1
[...]
github.com/gavv/httpexpect/v2/json.go:56.36,58.5 1 1
github.com/gavv/httpexpect/v2/json.go:67.38,68.54 1 1
github.com/gavv/httpexpect/v2/json.go:68.54,71.4 2 1
github.com/gavv/httpexpect/v2/json.go:71.9,74.4 2 1
github.com/gavv/httpexpect/v2/json.go:75.8,78.3 2 1
github.com/gavv/httpexpect/v2/json.go:83.16,93.3 2 1
github.com/gavv/httpexpect/v2/json.go:95.21,99.39 2 1
github.com/gavv/httpexpect/v2/json.go:102.3,107.5 1 1
github.com/gavv/httpexpect/v2/json.go:99.39,101.4 1 1
github.com/gavv/httpexpect/v2/printer.go:50.54,52.2 1 1
github.com/gavv/httpexpect/v2/printer.go:55.52,56.16 1 1
github.com/gavv/httpexpect/v2/printer.go:56.16,58.3 1 1
github.com/gavv/httpexpect/v2/printer.go:62.64,63.2 0 1
github.com/gavv/httpexpect/v2/printer.go:73.48,75.2 1 1
github.com/gavv/httpexpect/v2/printer.go:78.49,79.16 1 1
github.com/gavv/httpexpect/v2/printer.go:79.16,81.17 2 1
github.com/gavv/httpexpect/v2/printer.go:84.3,84.36 1 1
github.com/gavv/httpexpect/v2/printer.go:81.17,82.14 1 0
github.com/gavv/httpexpect/v2/printer.go:89.61,90.2 0 1
github.com/gavv/httpexpect/v2/printer.go:102.61,104.2 1 1
github.com/gavv/httpexpect/v2/printer.go:107.50,108.16 1 1
github.com/gavv/httpexpect/v2/printer.go:112.2,113.16 2 1
github.com/gavv/httpexpect/v2/printer.go:116.2,116.27 1 1
github.com/gavv/httpexpect/v2/printer.go:108.16,110.3 1 1
github.com/gavv/httpexpect/v2/printer.go:113.16,114.13 1 0
github.com/gavv/httpexpect/v2/printer.go:120.77,121.17 1 1
github.com/gavv/httpexpect/v2/printer.go:125.2,126.16 2 1
github.com/gavv/httpexpect/v2/printer.go:130.2,133.58 3 1
github.com/gavv/httpexpect/v2/printer.go:121.17,123.3 1 1
github.com/gavv/httpexpect/v2/printer.go:126.16,127.13 1 0
github.com/gavv/httpexpect/v2/printer.go:137.78,140.35 3 1
github.com/gavv/httpexpect/v2/printer.go:143.2,144.22 2 1
github.com/gavv/httpexpect/v2/printer.go:151.2,152.27 2 1
github.com/gavv/httpexpect/v2/printer.go:140.35,142.3 1 1
github.com/gavv/httpexpect/v2/printer.go:144.22,145.37 1 1
github.com/gavv/httpexpect/v2/printer.go:145.37,147.4 1 1
github.com/gavv/httpexpect/v2/printer.go:147.9,149.4 1 1
github.com/gavv/httpexpect/v2/printer.go:156.77,159.35 3 1
github.com/gavv/httpexpect/v2/printer.go:162.2,163.22 2 1
github.com/gavv/httpexpect/v2/printer.go:170.2,171.27 2 1
github.com/gavv/httpexpect/v2/printer.go:159.35,161.3 1 1
github.com/gavv/httpexpect/v2/printer.go:163.22,164.37 1 1
github.com/gavv/httpexpect/v2/printer.go:164.37,166.4 1 1
github.com/gavv/httpexpect/v2/printer.go:166.9,168.4 1 1
github.com/gavv/httpexpect/v2/formatter.go:64.72,65.29 1 0
github.com/gavv/httpexpect/v2/formatter.go:65.29,68.3 1 0
github.com/gavv/httpexpect/v2/formatter.go:68.8,71.3 1 0
github.com/gavv/httpexpect/v2/formatter.go:77.10,78.29 1 1
github.com/gavv/httpexpect/v2/formatter.go:78.29,81.3 1 0
github.com/gavv/httpexpect/v2/formatter.go:81.8,84.3 1 1
github.com/gavv/httpexpect/v2/formatter.go:140.10,144.16 3 1
github.com/gavv/httpexpect/v2/formatter.go:148.2,151.16 3 1
github.com/gavv/httpexpect/v2/formatter.go:155.2,155.19 1 1
github.com/gavv/httpexpect/v2/formatter.go:144.16,145.13 1 0
github.com/gavv/httpexpect/v2/formatter.go:151.16,152.13 1 0
github.com/gavv/httpexpect/v2/formatter.go:160.15,165.20 3 1
github.com/gavv/httpexpect/v2/formatter.go:190.2,190.14 1 1
github.com/gavv/httpexpect/v2/formatter.go:165.20,171.28 4 1
github.com/gavv/httpexpect/v2/formatter.go:175.3,175.30 1 1
github.com/gavv/httpexpect/v2/formatter.go:181.3,181.31 1 1
github.com/gavv/httpexpect/v2/formatter.go:185.3,185.27 1 1
github.com/gavv/httpexpect/v2/formatter.go:171.28,173.4 1 1
github.com/gavv/httpexpect/v2/formatter.go:175.30,179.4 3 1
github.com/gavv/httpexpect/v2/formatter.go:181.31,183.4 1 1
github.com/gavv/httpexpect/v2/formatter.go:185.27,187.4 1 1
github.com/gavv/httpexpect/v2/formatter.go:195.3,196.21 1 1
github.com/gavv/httpexpect/v2/formatter.go:201.2,201.21 1 1
github.com/gavv/httpexpect/v2/formatter.go:205.2,205.22 1 1
github.com/gavv/httpexpect/v2/formatter.go:196.21,199.3 2 1
github.com/gavv/httpexpect/v2/formatter.go:201.21,203.3 1 1
github.com/gavv/httpexpect/v2/formatter.go:205.22,207.3 1 0
github.com/gavv/httpexpect/v2/formatter.go:207.8,209.3 1 1
github.com/gavv/httpexpect/v2/formatter.go:214.3,215.37 1 1
github.com/gavv/httpexpect/v2/formatter.go:215.37,216.17 1 1
github.com/gavv/httpexpect/v2/formatter.go:219.3,219.49 1 1
github.com/gavv/httpexpect/v2/formatter.go:216.17,217.12 1 0
github.com/gavv/httpexpect/v2/formatter.go:225.3,226.22 1 1
github.com/gavv/httpexpect/v2/formatter.go:227.36,228.26 1 0
github.com/gavv/httpexpect/v2/formatter.go:230.33,232.50 2 1
github.com/gavv/httpexpect/v2/formatter.go:234.10,236.50 2 1
github.com/gavv/httpexpect/v2/formatter.go:242.3,243.22 1 1
github.com/gavv/httpexpect/v2/formatter.go:249.18,250.28 1 1
github.com/gavv/httpexpect/v2/formatter.go:252.19,259.74 4 1
github.com/gavv/httpexpect/v2/formatter.go:264.46,269.4 3 1
github.com/gavv/httpexpect/v2/formatter.go:271.39,274.54 3 1
github.com/gavv/httpexpect/v2/formatter.go:276.47,281.4 3 1
github.com/gavv/httpexpect/v2/formatter.go:283.43,288.4 3 1
github.com/gavv/httpexpect/v2/formatter.go:290.47,295.4 3 1
github.com/gavv/httpexpect/v2/formatter.go:297.47,299.49 2 1
github.com/gavv/httpexpect/v2/formatter.go:304.3,304.53 1 1
github.com/gavv/httpexpect/v2/formatter.go:306.47,311.4 3 1
github.com/gavv/httpexpect/v2/formatter.go:313.55,318.4 3 1
github.com/gavv/httpexpect/v2/formatter.go:320.53,325.4 3 1
github.com/gavv/httpexpect/v2/formatter.go:327.39,330.53 3 1
github.com/gavv/httpexpect/v2/formatter.go:259.74,262.4 1 1
github.com/gavv/httpexpect/v2/formatter.go:299.49,301.4 1 1
github.com/gavv/httpexpect/v2/formatter.go:301.9,303.4 1 1
github.com/gavv/httpexpect/v2/formatter.go:336.3,337.22 1 1
github.com/gavv/httpexpect/v2/formatter.go:353.17,354.8 1 1
github.com/gavv/httpexpect/v2/formatter.go:369.20,370.25 1 1
github.com/gavv/httpexpect/v2/formatter.go:376.3,377.22 1 1
github.com/gavv/httpexpect/v2/formatter.go:378.46,379.27 1 1
github.com/gavv/httpexpect/v2/formatter.go:385.3,388.2 2 1
github.com/gavv/httpexpect/v2/formatter.go:392.3,395.2 2 1
github.com/gavv/httpexpect/v2/formatter.go:397.44,399.2 1 1
github.com/gavv/httpexpect/v2/formatter.go:401.44,402.37 1 1
github.com/gavv/httpexpect/v2/formatter.go:413.2,417.24 2 1
github.com/gavv/httpexpect/v2/formatter.go:402.37,403.45 1 1
github.com/gavv/httpexpect/v2/formatter.go:408.3,408.73 1 1
github.com/gavv/httpexpect/v2/formatter.go:403.45,404.53 1 1
github.com/gavv/httpexpect/v2/formatter.go:404.53,406.5 1 1
github.com/gavv/httpexpect/v2/formatter.go:408.73,410.4 1 1
github.com/gavv/httpexpect/v2/formatter.go:420.45,421.27 1 1
github.com/gavv/httpexpect/v2/formatter.go:426.2,426.27 1 1
github.com/gavv/httpexpect/v2/formatter.go:422.14,423.11 1 1
github.com/gavv/httpexpect/v2/formatter.go:429.44,430.22 1 1
github.com/gavv/httpexpect/v2/formatter.go:435.2,435.21 1 0
github.com/gavv/httpexpect/v2/formatter.go:439.2,439.27 1 0
github.com/gavv/httpexpect/v2/formatter.go:431.24,432.34 1 1
github.com/gavv/httpexpect/v2/formatter.go:435.21,437.3 1 0
github.com/gavv/httpexpect/v2/formatter.go:442.46,443.45 1 1
github.com/gavv/httpexpect/v2/formatter.go:443.45,444.45 1 1
github.com/gavv/httpexpect/v2/formatter.go:444.45,448.4 1 1
github.com/gavv/httpexpect/v2/formatter.go:448.9,453.4 1 1
github.com/gavv/httpexpect/v2/formatter.go:454.8,458.3 1 1
github.com/gavv/httpexpect/v2/formatter.go:461.45,462.43 1 1
github.com/gavv/httpexpect/v2/formatter.go:462.43,464.26 2 1
github.com/gavv/httpexpect/v2/formatter.go:467.3,467.11 1 1
github.com/gavv/httpexpect/v2/formatter.go:464.26,466.4 1 1
github.com/gavv/httpexpect/v2/formatter.go:468.8,472.3 1 1
github.com/gavv/httpexpect/v2/formatter.go:475.62,480.53 3 1
github.com/gavv/httpexpect/v2/formatter.go:496.2,496.22 1 1
github.com/gavv/httpexpect/v2/formatter.go:500.2,506.16 4 1
github.com/gavv/httpexpect/v2/formatter.go:510.2,512.23 2 1
github.com/gavv/httpexpect/v2/formatter.go:480.53,481.52 1 1
github.com/gavv/httpexpect/v2/formatter.go:481.52,483.4 1 1
github.com/gavv/httpexpect/v2/formatter.go:483.9,485.4 1 1
github.com/gavv/httpexpect/v2/formatter.go:486.8,486.51 1 1
github.com/gavv/httpexpect/v2/formatter.go:486.51,487.43 1 1
github.com/gavv/httpexpect/v2/formatter.go:487.43,489.4 1 1
github.com/gavv/httpexpect/v2/formatter.go:489.9,491.4 1 1
github.com/gavv/httpexpect/v2/formatter.go:492.8,494.3 1 1
github.com/gavv/httpexpect/v2/formatter.go:496.22,498.3 1 1
github.com/gavv/httpexpect/v2/formatter.go:506.16,508.3 1 0
github.com/gavv/httpexpect/v2/formatter.go:515.55,516.29 1 1
github.com/gavv/httpexpect/v2/formatter.go:517.22,518.14 1 1
github.com/gavv/httpexpect/v2/formatter.go:519.23,520.13 1 1
github.com/gavv/httpexpect/v2/formatter.go:521.10,522.13 1 1
github.com/gavv/httpexpect/v2/formatter.go:526.52,527.29 1 1
github.com/gavv/httpexpect/v2/formatter.go:528.21,529.14 1 1
github.com/gavv/httpexpect/v2/formatter.go:530.22,531.13 1 0
github.com/gavv/httpexpect/v2/formatter.go:532.10,533.13 1 1
github.com/gavv/httpexpect/v2/formatter.go:537.36,538.15 1 1
github.com/gavv/httpexpect/v2/formatter.go:541.2,541.55 1 1
github.com/gavv/httpexpect/v2/formatter.go:538.15,540.3 1 1
github.com/gavv/httpexpect/v2/formatter.go:544.39,545.15 1 1
github.com/gavv/httpexpect/v2/formatter.go:548.2,549.13 2 1
github.com/gavv/httpexpect/v2/formatter.go:545.15,547.3 1 1
github.com/gavv/httpexpect/v2/formatter.go:552.37,553.22 1 1
github.com/gavv/httpexpect/v2/formatter.go:559.29,560.14 1 1
github.com/gavv/httpexpect/v2/formatter.go:561.10,562.15 1 1
github.com/gavv/httpexpect/v2/formatter.go:572.34,575.44 2 1
github.com/gavv/httpexpect/v2/formatter.go:583.3,583.21 1 1
github.com/gavv/httpexpect/v2/formatter.go:575.44,576.21 1 1
github.com/gavv/httpexpect/v2/formatter.go:579.4,580.21 2 1
github.com/gavv/httpexpect/v2/formatter.go:576.21,578.5 1 1
github.com/gavv/httpexpect/v2/formatter.go:585.43,587.16 2 1
github.com/gavv/httpexpect/v2/formatter.go:591.3,591.45 1 1
github.com/gavv/httpexpect/v2/formatter.go:587.16,589.4 1 0
github.com/gavv/httpexpect/v2/formatter.go:593.48,594.16 1 1
github.com/gavv/httpexpect/v2/formatter.go:598.3,603.27 4 1
github.com/gavv/httpexpect/v2/formatter.go:608.3,608.26 1 1
github.com/gavv/httpexpect/v2/formatter.go:625.3,625.21 1 1
github.com/gavv/httpexpect/v2/formatter.go:594.16,596.4 1 0
github.com/gavv/httpexpect/v2/formatter.go:603.27,606.4 2 1
github.com/gavv/httpexpect/v2/formatter.go:608.26,609.23 1 1
github.com/gavv/httpexpect/v2/formatter.go:614.4,614.20 1 1
github.com/gavv/httpexpect/v2/formatter.go:619.4,620.24 2 1
github.com/gavv/httpexpect/v2/formatter.go:609.23,613.5 3 1
github.com/gavv/httpexpect/v2/formatter.go:614.20,615.34 1 1
github.com/gavv/httpexpect/v2/formatter.go:615.34,617.6 1 1
github.com/gavv/httpexpect/v2/formatter.go:620.24,622.5 1 1
github.com/gavv/httpexpect/v2/binder.go:37.45,39.2 1 1
github.com/gavv/httpexpect/v2/binder.go:42.79,45.21 2 1
github.com/gavv/httpexpect/v2/binder.go:49.2,49.48 1 1
github.com/gavv/httpexpect/v2/binder.go:57.2,57.70 1 1
github.com/gavv/httpexpect/v2/binder.go:61.2,61.26 1 1
github.com/gavv/httpexpect/v2/binder.go:65.2,76.22 4 1
github.com/gavv/httpexpect/v2/binder.go:80.2,80.26 1 1
github.com/gavv/httpexpect/v2/binder.go:84.2,84.19 1 1
github.com/gavv/httpexpect/v2/binder.go:45.21,47.3 1 1
github.com/gavv/httpexpect/v2/binder.go:49.48,50.30 1 1
github.com/gavv/httpexpect/v2/binder.go:50.30,52.4 1 1
github.com/gavv/httpexpect/v2/binder.go:53.8,55.3 1 1
github.com/gavv/httpexpect/v2/binder.go:57.70,59.3 1 1
github.com/gavv/httpexpect/v2/binder.go:61.26,63.3 1 1
github.com/gavv/httpexpect/v2/binder.go:76.22,78.3 1 1
github.com/gavv/httpexpect/v2/binder.go:80.26,82.3 1 1
github.com/gavv/httpexpect/v2/binder.go:107.64,109.2 1 1
github.com/gavv/httpexpect/v2/binder.go:112.82,116.76 3 1
github.com/gavv/httpexpect/v2/binder.go:122.2,126.29 4 1
github.com/gavv/httpexpect/v2/binder.go:139.2,139.31 1 1
github.com/gavv/httpexpect/v2/binder.go:146.2,146.24 1 1
github.com/gavv/httpexpect/v2/binder.go:153.2,155.45 2 1
github.com/gavv/httpexpect/v2/binder.go:116.76,118.3 1 1
github.com/gavv/httpexpect/v2/binder.go:118.8,120.3 1 1
github.com/gavv/httpexpect/v2/binder.go:126.29,130.21 4 1
github.com/gavv/httpexpect/v2/binder.go:133.3,136.5 1 1
github.com/gavv/httpexpect/v2/binder.go:130.21,132.4 1 1
github.com/gavv/httpexpect/v2/binder.go:139.31,141.3 1 1
github.com/gavv/httpexpect/v2/binder.go:141.8,144.3 2 1
github.com/gavv/httpexpect/v2/binder.go:146.24,148.17 2 1
github.com/gavv/httpexpect/v2/binder.go:148.17,150.4 1 1
github.com/gavv/httpexpect/v2/binder.go:158.55,163.24 3 1
github.com/gavv/httpexpect/v2/binder.go:170.2,172.23 2 1
github.com/gavv/httpexpect/v2/binder.go:176.2,176.34 1 1
github.com/gavv/httpexpect/v2/binder.go:186.2,188.16 2 1
github.com/gavv/httpexpect/v2/binder.go:163.24,165.3 1 1
github.com/gavv/httpexpect/v2/binder.go:165.8,165.61 1 1
github.com/gavv/httpexpect/v2/binder.go:165.61,168.3 1 1
github.com/gavv/httpexpect/v2/binder.go:172.23,174.3 1 1
github.com/gavv/httpexpect/v2/binder.go:176.34,177.23 1 1
github.com/gavv/httpexpect/v2/binder.go:177.23,178.14 1 1
github.com/gavv/httpexpect/v2/binder.go:178.14,180.5 1 1
github.com/gavv/httpexpect/v2/binder.go:180.10,182.5 1 1
github.com/gavv/httpexpect/v2/binder.go:191.81,201.45 4 1
github.com/gavv/httpexpect/v2/binder.go:210.2,210.42 1 1
github.com/gavv/httpexpect/v2/binder.go:217.2,217.17 1 1
github.com/gavv/httpexpect/v2/binder.go:223.2,223.16 1 1
github.com/gavv/httpexpect/v2/binder.go:201.45,204.28 3 1
github.com/gavv/httpexpect/v2/binder.go:207.3,207.29 1 1
github.com/gavv/httpexpect/v2/binder.go:204.28,206.4 1 1
github.com/gavv/httpexpect/v2/binder.go:210.42,212.3 1 1
github.com/gavv/httpexpect/v2/binder.go:212.8,215.3 2 1
github.com/gavv/httpexpect/v2/binder.go:217.17,219.3 1 1
github.com/gavv/httpexpect/v2/binder.go:219.8,221.3 1 1
github.com/gavv/httpexpect/v2/binder.go:228.62,230.2 1 0
github.com/gavv/httpexpect/v2/binder.go:236.41,238.2 1 1
github.com/gavv/httpexpect/v2/binder.go:240.40,242.2 1 0
github.com/gavv/httpexpect/v2/binder.go:249.36,251.2 1 0
github.com/gavv/httpexpect/v2/binder.go:253.56,255.2 1 1
github.com/gavv/httpexpect/v2/match.go:34.78,36.2 1 1
github.com/gavv/httpexpect/v2/match.go:38.76,41.22 2 1
github.com/gavv/httpexpect/v2/match.go:47.2,48.32 2 1
github.com/gavv/httpexpect/v2/match.go:54.2,54.10 1 1
github.com/gavv/httpexpect/v2/match.go:41.22,43.3 1 1
github.com/gavv/httpexpect/v2/match.go:43.8,45.3 1 1
github.com/gavv/httpexpect/v2/match.go:48.32,49.17 1 1
github.com/gavv/httpexpect/v2/match.go:49.17,51.4 1 1
github.com/gavv/httpexpect/v2/match.go:64.32,66.2 1 1
github.com/gavv/httpexpect/v2/match.go:74.34,78.22 3 1
github.com/gavv/httpexpect/v2/match.go:82.2,82.55 1 1
github.com/gavv/httpexpect/v2/match.go:78.22,80.3 1 1
github.com/gavv/httpexpect/v2/match.go:100.42,104.22 3 1
github.com/gavv/httpexpect/v2/match.go:108.2,108.45 1 1
github.com/gavv/httpexpect/v2/match.go:123.2,123.48 1 1
github.com/gavv/httpexpect/v2/match.go:104.22,106.3 1 1
github.com/gavv/httpexpect/v2/match.go:108.45,121.3 2 1
github.com/gavv/httpexpect/v2/match.go:140.43,144.22 3 1
github.com/gavv/httpexpect/v2/match.go:148.2,149.9 2 1
github.com/gavv/httpexpect/v2/match.go:165.2,165.48 1 1
github.com/gavv/httpexpect/v2/match.go:144.22,146.3 1 1
github.com/gavv/httpexpect/v2/match.go:149.9,151.27 2 1
github.com/gavv/httpexpect/v2/match.go:154.3,162.32 2 1
github.com/gavv/httpexpect/v2/match.go:151.27,153.4 1 1
github.com/gavv/httpexpect/v2/match.go:174.32,178.22 3 1
github.com/gavv/httpexpect/v2/match.go:182.2,182.31 1 1
github.com/gavv/httpexpect/v2/match.go:192.2,192.10 1 1
github.com/gavv/httpexpect/v2/match.go:178.22,180.3 1 1
github.com/gavv/httpexpect/v2/match.go:182.31,190.3 1 1
github.com/gavv/httpexpect/v2/match.go:201.35,205.22 3 1
github.com/gavv/httpexpect/v2/match.go:209.2,209.31 1 1
github.com/gavv/httpexpect/v2/match.go:219.2,219.10 1 1
github.com/gavv/httpexpect/v2/match.go:205.22,207.3 1 1
github.com/gavv/httpexpect/v2/match.go:209.31,217.3 1 1
github.com/gavv/httpexpect/v2/match.go:234.49,238.22 3 1
github.com/gavv/httpexpect/v2/match.go:242.2,242.19 1 1
github.com/gavv/httpexpect/v2/match.go:246.2,246.47 1 1
github.com/gavv/httpexpect/v2/match.go:257.2,257.10 1 1
github.com/gavv/httpexpect/v2/match.go:238.22,240.3 1 1
github.com/gavv/httpexpect/v2/match.go:242.19,244.3 1 1
github.com/gavv/httpexpect/v2/match.go:246.47,255.3 1 1
github.com/gavv/httpexpect/v2/match.go:272.52,276.19 3 1
github.com/gavv/httpexpect/v2/match.go:280.2,280.46 1 1
github.com/gavv/httpexpect/v2/match.go:291.2,291.10 1 1
github.com/gavv/httpexpect/v2/match.go:276.19,278.3 1 1
github.com/gavv/httpexpect/v2/match.go:280.46,289.3 1 1
github.com/gavv/httpexpect/v2/match.go:294.38,295.27 1 1
github.com/gavv/httpexpect/v2/match.go:298.2,298.19 1 1
github.com/gavv/httpexpect/v2/match.go:295.27,297.3 1 1
github.com/gavv/httpexpect/v2/value.go:39.60,41.2 1 1
github.com/gavv/httpexpect/v2/value.go:43.54,46.16 2 1
github.com/gavv/httpexpect/v2/value.go:50.2,50.10 1 1
github.com/gavv/httpexpect/v2/value.go:46.16,48.3 1 1
github.com/gavv/httpexpect/v2/value.go:60.35,62.2 1 1
github.com/gavv/httpexpect/v2/value.go:90.42,95.2 3 1
github.com/gavv/httpexpect/v2/value.go:135.51,141.2 4 1
github.com/gavv/httpexpect/v2/value.go:152.34,156.22 3 1
github.com/gavv/httpexpect/v2/value.go:160.2,162.9 2 1
github.com/gavv/httpexpect/v2/value.go:173.2,173.33 1 1
github.com/gavv/httpexpect/v2/value.go:156.22,158.3 1 1
github.com/gavv/httpexpect/v2/value.go:162.9,171.3 2 1
github.com/gavv/httpexpect/v2/value.go:185.32,189.22 3 1
github.com/gavv/httpexpect/v2/value.go:193.2,195.9 2 1
github.com/gavv/httpexpect/v2/value.go:206.2,206.32 1 1
github.com/gavv/httpexpect/v2/value.go:189.22,191.3 1 1
github.com/gavv/httpexpect/v2/value.go:195.9,204.3 2 1
github.com/gavv/httpexpect/v2/value.go:218.34,222.22 3 1
github.com/gavv/httpexpect/v2/value.go:226.2,228.9 2 1
github.com/gavv/httpexpect/v2/value.go:239.2,239.33 1 1
github.com/gavv/httpexpect/v2/value.go:222.22,224.3 1 1
github.com/gavv/httpexpect/v2/value.go:228.9,237.3 2 1
github.com/gavv/httpexpect/v2/value.go:251.34,255.22 3 1
github.com/gavv/httpexpect/v2/value.go:259.2,261.9 2 1
github.com/gavv/httpexpect/v2/value.go:272.2,272.33 1 1
github.com/gavv/httpexpect/v2/value.go:255.22,257.3 1 1
github.com/gavv/httpexpect/v2/value.go:261.9,270.3 2 1
github.com/gavv/httpexpect/v2/value.go:284.36,288.22 3 1
github.com/gavv/httpexpect/v2/value.go:292.2,294.9 2 1
github.com/gavv/httpexpect/v2/value.go:305.2,305.34 1 1
github.com/gavv/httpexpect/v2/value.go:288.22,290.3 1 1
github.com/gavv/httpexpect/v2/value.go:294.9,303.3 2 1
github.com/gavv/httpexpect/v2/value.go:321.31,325.22 3 1
github.com/gavv/httpexpect/v2/value.go:329.2,329.23 1 1
github.com/gavv/httpexpect/v2/value.go:339.2,339.10 1 1
github.com/gavv/httpexpect/v2/value.go:325.22,327.3 1 1
github.com/gavv/httpexpect/v2/value.go:329.23,337.3 1 1
github.com/gavv/httpexpect/v2/value.go:355.34,359.22 3 1
github.com/gavv/httpexpect/v2/value.go:363.2,363.23 1 1
github.com/gavv/httpexpect/v2/value.go:373.2,373.10 1 1
github.com/gavv/httpexpect/v2/value.go:359.22,361.3 1 1
github.com/gavv/httpexpect/v2/value.go:363.23,371.3 1 1
github.com/gavv/httpexpect/v2/value.go:383.49,387.22 3 1
github.com/gavv/httpexpect/v2/value.go:391.2,392.9 2 1
github.com/gavv/httpexpect/v2/value.go:396.2,396.43 1 1
github.com/gavv/httpexpect/v2/value.go:407.2,407.10 1 1
github.com/gavv/httpexpect/v2/value.go:387.22,389.3 1 1
github.com/gavv/httpexpect/v2/value.go:392.9,394.3 1 1
github.com/gavv/httpexpect/v2/value.go:396.43,405.3 1 1
github.com/gavv/httpexpect/v2/value.go:417.52,421.22 3 1
github.com/gavv/httpexpect/v2/value.go:425.2,426.9 2 1
github.com/gavv/httpexpect/v2/value.go:430.2,430.42 1 1
github.com/gavv/httpexpect/v2/value.go:441.2,441.10 1 1
github.com/gavv/httpexpect/v2/value.go:421.22,423.3 1 1
github.com/gavv/httpexpect/v2/value.go:426.9,428.3 1 1
github.com/gavv/httpexpect/v2/value.go:430.42,439.3 1 1
